{"meta": {"format": 3, "version": "7.10.7", "timestamp": "2025-11-06T21:12:13.539543", "branch_coverage": true, "show_contexts": false}, "files": {"/home/tafk/dev/brainsmith-1/brainsmith/dse/__init__.py": {"executed_lines": [4, 19, 20, 21, 22, 23, 24, 25, 28, 37], "summary": {"covered_lines": 9, "num_statements": 9, "percent_covered": 100.0, "percent_covered_display": "100", "missing_lines": 0, "excluded_lines": 0, "num_branches": 0, "num_partial_branches": 0, "covered_branches": 0, "missing_branches": 0}, "missing_lines": [], "excluded_lines": [], "executed_branches": [], "missing_branches": [], "functions": {"": {"executed_lines": [4, 19, 20, 21, 22, 23, 24, 25, 28, 37], "summary": {"covered_lines": 9, "num_statements": 9, "percent_covered": 100.0, "percent_covered_display": "100", "missing_lines": 0, "excluded_lines": 0, "num_branches": 0, "num_partial_branches": 0, "covered_branches": 0, "missing_branches": 0}, "missing_lines": [], "excluded_lines": [], "executed_branches": [], "missing_branches": []}}, "classes": {"": {"executed_lines": [4, 19, 20, 21, 22, 23, 24, 25, 28, 37], "summary": {"covered_lines": 9, "num_statements": 9, "percent_covered": 100.0, "percent_covered_display": "100", "missing_lines": 0, "excluded_lines": 0, "num_branches": 0, "num_partial_branches": 0, "covered_branches": 0, "missing_branches": 0}, "missing_lines": [], "excluded_lines": [], "executed_branches": [], "missing_branches": []}}}, "/home/tafk/dev/brainsmith-1/brainsmith/dse/_builder.py": {"executed_lines": [4, 11, 13, 14, 15, 16, 17, 18, 21, 22, 24, 67, 79, 143, 153, 170], "summary": {"covered_lines": 14, "num_statements": 71, "percent_covered": 13.592233009708737, "percent_covered_display": "14", "missing_lines": 57, "excluded_lines": 0, "num_branches": 32, "num_partial_branches": 0, "covered_branches": 0, "missing_branches": 32}, "missing_lines": [39, 44, 45, 47, 48, 50, 51, 52, 55, 56, 59, 62, 63, 65, 77, 93, 100, 101, 102, 103, 108, 109, 110, 111, 115, 116, 117, 118, 119, 122, 125, 126, 127, 128, 131, 133, 135, 136, 139, 141, 150, 151, 156, 158, 159, 160, 161, 162, 164, 165, 166, 168, 171, 172, 174, 175, 176], "excluded_lines": [], "executed_branches": [], "missing_branches": [[47, 48], [47, 59], [48, 50], [48, 55], [55, 47], [55, 56], [100, 101], [100, 102], [102, 103], [102, 108], [109, 110], [109, 135], [110, 111], [110, 115], [116, 117], [116, 122], [126, 127], [126, 133], [127, 128], [127, 131], [135, 136], [135, 139], [150, -143], [150, 151], [158, 159], [158, 168], [159, 158], [159, 160], [160, 161], [160, 164], [175, -170], [175, 176]], "functions": {"DSETreeBuilder.build_tree": {"executed_lines": [], "summary": {"covered_lines": 0, "num_statements": 14, "percent_covered": 0.0, "percent_covered_display": "0", "missing_lines": 14, "excluded_lines": 0, "num_branches": 6, "num_partial_branches": 0, "covered_branches": 0, "missing_branches": 6}, "missing_lines": [39, 44, 45, 47, 48, 50, 51, 52, 55, 56, 59, 62, 63, 65], "excluded_lines": [], "executed_branches": [], "missing_branches": [[47, 48], [47, 59], [48, 50], [48, 55], [55, 47], [55, 56]]}, "DSETreeBuilder._create_step_dict": {"executed_lines": [], "summary": {"covered_lines": 0, "num_statements": 1, "percent_covered": 0.0, "percent_covered_display": "0", "missing_lines": 1, "excluded_lines": 0, "num_branches": 0, "num_partial_branches": 0, "covered_branches": 0, "missing_branches": 0}, "missing_lines": [77], "excluded_lines": [], "executed_branches": [], "missing_branches": []}, "DSETreeBuilder._extract_finn_config": {"executed_lines": [], "summary": {"covered_lines": 0, "num_statements": 25, "percent_covered": 0.0, "percent_covered_display": "0", "missing_lines": 25, "excluded_lines": 0, "num_branches": 16, "num_partial_branches": 0, "covered_branches": 0, "missing_branches": 16}, "missing_lines": [93, 100, 101, 102, 103, 108, 109, 110, 111, 115, 116, 117, 118, 119, 122, 125, 126, 127, 128, 131, 133, 135, 136, 139, 141], "excluded_lines": [], "executed_branches": [], "missing_branches": [[100, 101], [100, 102], [102, 103], [102, 108], [109, 110], [109, 135], [110, 111], [110, 115], [116, 117], [116, 122], [126, 127], [126, 133], [127, 128], [127, 131], [135, 136], [135, 139]]}, "DSETreeBuilder._append_steps_to_segments": {"executed_lines": [], "summary": {"covered_lines": 0, "num_statements": 2, "percent_covered": 0.0, "percent_covered_display": "0", "missing_lines": 2, "excluded_lines": 0, "num_branches": 2, "num_partial_branches": 0, "covered_branches": 0, "missing_branches": 2}, "missing_lines": [150, 151], "excluded_lines": [], "executed_branches": [], "missing_branches": [[150, -143], [150, 151]]}, "DSETreeBuilder._create_branches": {"executed_lines": [], "summary": {"covered_lines": 0, "num_statements": 10, "percent_covered": 0.0, "percent_covered_display": "0", "missing_lines": 10, "excluded_lines": 0, "num_branches": 6, "num_partial_branches": 0, "covered_branches": 0, "missing_branches": 6}, "missing_lines": [156, 158, 159, 160, 161, 162, 164, 165, 166, 168], "excluded_lines": [], "executed_branches": [], "missing_branches": [[158, 159], [158, 168], [159, 158], [159, 160], [160, 161], [160, 164]]}, "DSETreeBuilder._validate_tree_size": {"executed_lines": [], "summary": {"covered_lines": 0, "num_statements": 4, "percent_covered": 0.0, "percent_covered_display": "0", "missing_lines": 4, "excluded_lines": 0, "num_branches": 2, "num_partial_branches": 0, "covered_branches": 0, "missing_branches": 2}, "missing_lines": [171, 174, 175, 176], "excluded_lines": [], "executed_branches": [], "missing_branches": [[175, -170], [175, 176]]}, "DSETreeBuilder._validate_tree_size.count_leaves": {"executed_lines": [], "summary": {"covered_lines": 0, "num_statements": 1, "percent_covered": 0.0, "percent_covered_display": "0", "missing_lines": 1, "excluded_lines": 0, "num_branches": 0, "num_partial_branches": 0, "covered_branches": 0, "missing_branches": 0}, "missing_lines": [172], "excluded_lines": [], "executed_branches": [], "missing_branches": []}, "": {"executed_lines": [4, 11, 13, 14, 15, 16, 17, 18, 21, 22, 24, 67, 79, 143, 153, 170], "summary": {"covered_lines": 14, "num_statements": 14, "percent_covered": 100.0, "percent_covered_display": "100", "missing_lines": 0, "excluded_lines": 0, "num_branches": 0, "num_partial_branches": 0, "covered_branches": 0, "missing_branches": 0}, "missing_lines": [], "excluded_lines": [], "executed_branches": [], "missing_branches": []}}, "classes": {"DSETreeBuilder": {"executed_lines": [], "summary": {"covered_lines": 0, "num_statements": 57, "percent_covered": 0.0, "percent_covered_display": "0", "missing_lines": 57, "excluded_lines": 0, "num_branches": 32, "num_partial_branches": 0, "covered_branches": 0, "missing_branches": 32}, "missing_lines": [39, 44, 45, 47, 48, 50, 51, 52, 55, 56, 59, 62, 63, 65, 77, 93, 100, 101, 102, 103, 108, 109, 110, 111, 115, 116, 117, 118, 119, 122, 125, 126, 127, 128, 131, 133, 135, 136, 139, 141, 150, 151, 156, 158, 159, 160, 161, 162, 164, 165, 166, 168, 171, 172, 174, 175, 176], "excluded_lines": [], "executed_branches": [], "missing_branches": [[47, 48], [47, 59], [48, 50], [48, 55], [55, 47], [55, 56], [100, 101], [100, 102], [102, 103], [102, 108], [109, 110], [109, 135], [110, 111], [110, 115], [116, 117], [116, 122], [126, 127], [126, 133], [127, 128], [127, 131], [135, 136], [135, 139], [150, -143], [150, 151], [158, 159], [158, 168], [159, 158], [159, 160], [160, 161], [160, 164], [175, -170], [175, 176]]}, "": {"executed_lines": [4, 11, 13, 14, 15, 16, 17, 18, 21, 22, 24, 67, 79, 143, 153, 170], "summary": {"covered_lines": 14, "num_statements": 14, "percent_covered": 100.0, "percent_covered_display": "100", "missing_lines": 0, "excluded_lines": 0, "num_branches": 0, "num_partial_branches": 0, "covered_branches": 0, "missing_branches": 0}, "missing_lines": [], "excluded_lines": [], "executed_branches": [], "missing_branches": []}}}, "/home/tafk/dev/brainsmith-1/brainsmith/dse/_constants.py": {"executed_lines": [4, 6], "summary": {"covered_lines": 1, "num_statements": 1, "percent_covered": 100.0, "percent_covered_display": "100", "missing_lines": 0, "excluded_lines": 0, "num_branches": 0, "num_partial_branches": 0, "covered_branches": 0, "missing_branches": 0}, "missing_lines": [], "excluded_lines": [], "executed_branches": [], "missing_branches": [], "functions": {"": {"executed_lines": [4, 6], "summary": {"covered_lines": 1, "num_statements": 1, "percent_covered": 100.0, "percent_covered_display": "100", "missing_lines": 0, "excluded_lines": 0, "num_branches": 0, "num_partial_branches": 0, "covered_branches": 0, "missing_branches": 0}, "missing_lines": [], "excluded_lines": [], "executed_branches": [], "missing_branches": []}}, "classes": {"": {"executed_lines": [4, 6], "summary": {"covered_lines": 1, "num_statements": 1, "percent_covered": 100.0, "percent_covered_display": "100", "missing_lines": 0, "excluded_lines": 0, "num_branches": 0, "num_partial_branches": 0, "covered_branches": 0, "missing_branches": 0}, "missing_lines": [], "excluded_lines": [], "executed_branches": [], "missing_branches": []}}}, "/home/tafk/dev/brainsmith-1/brainsmith/dse/_parser/__init__.py": {"executed_lines": [4, 11, 12, 13, 15, 16, 18, 19, 20, 22, 25, 91], "summary": {"covered_lines": 11, "num_statements": 29, "percent_covered": 29.72972972972973, "percent_covered_display": "30", "missing_lines": 18, "excluded_lines": 0, "num_branches": 8, "num_partial_branches": 0, "covered_branches": 0, "missing_branches": 8}, "missing_lines": [45, 47, 50, 52, 53, 56, 59, 60, 61, 62, 65, 66, 73, 74, 77, 80, 82, 88], "excluded_lines": [], "executed_branches": [], "missing_branches": [[50, 52], [50, 56], [59, 60], [59, 61], [61, 62], [61, 65], [65, 66], [65, 73]], "functions": {"parse_blueprint": {"executed_lines": [], "summary": {"covered_lines": 0, "num_statements": 18, "percent_covered": 0.0, "percent_covered_display": "0", "missing_lines": 18, "excluded_lines": 0, "num_branches": 8, "num_partial_branches": 0, "covered_branches": 0, "missing_branches": 8}, "missing_lines": [45, 47, 50, 52, 53, 56, 59, 60, 61, 62, 65, 66, 73, 74, 77, 80, 82, 88], "excluded_lines": [], "executed_branches": [], "missing_branches": [[50, 52], [50, 56], [59, 60], [59, 61], [61, 62], [61, 65], [65, 66], [65, 73]]}, "": {"executed_lines": [4, 11, 12, 13, 15, 16, 18, 19, 20, 22, 25, 91], "summary": {"covered_lines": 11, "num_statements": 11, "percent_covered": 100.0, "percent_covered_display": "100", "missing_lines": 0, "excluded_lines": 0, "num_branches": 0, "num_partial_branches": 0, "covered_branches": 0, "missing_branches": 0}, "missing_lines": [], "excluded_lines": [], "executed_branches": [], "missing_branches": []}}, "classes": {"": {"executed_lines": [4, 11, 12, 13, 15, 16, 18, 19, 20, 22, 25, 91], "summary": {"covered_lines": 11, "num_statements": 29, "percent_covered": 29.72972972972973, "percent_covered_display": "30", "missing_lines": 18, "excluded_lines": 0, "num_branches": 8, "num_partial_branches": 0, "covered_branches": 0, "missing_branches": 8}, "missing_lines": [45, 47, 50, 52, 53, 56, 59, 60, 61, 62, 65, 66, 73, 74, 77, 80, 82, 88], "excluded_lines": [], "executed_branches": [], "missing_branches": [[50, 52], [50, 56], [59, 60], [59, 61], [61, 62], [61, 65], [65, 66], [65, 73]]}}}, "/home/tafk/dev/brainsmith-1/brainsmith/dse/_parser/kernels.py": {"executed_lines": [4, 10, 12, 15, 89, 117, 162, 221], "summary": {"covered_lines": 7, "num_statements": 68, "percent_covered": 7.0, "percent_covered_display": "7", "missing_lines": 61, "excluded_lines": 0, "num_branches": 32, "num_partial_branches": 0, "covered_branches": 0, "missing_branches": 32}, "missing_lines": [53, 55, 57, 59, 60, 61, 63, 64, 68, 69, 71, 78, 79, 84, 86, 101, 103, 104, 107, 108, 109, 110, 114, 135, 136, 142, 143, 148, 149, 150, 151, 156, 157, 159, 180, 181, 182, 183, 184, 189, 193, 194, 196, 197, 198, 199, 201, 202, 203, 208, 209, 210, 211, 216, 218, 234, 237, 238, 240, 243, 244], "excluded_lines": [], "executed_branches": [], "missing_branches": [[55, 57], [55, 86], [57, 59], [57, 61], [61, 63], [61, 71], [63, 64], [63, 68], [78, 79], [78, 84], [103, 104], [103, 107], [135, 136], [135, 142], [142, 143], [142, 148], [149, 150], [149, 159], [150, 151], [150, 156], [180, 181], [180, 189], [194, 196], [194, 201], [197, 194], [197, 198], [201, 202], [201, 208], [237, 238], [237, 240], [243, -221], [243, 244]], "functions": {"parse_kernels": {"executed_lines": [], "summary": {"covered_lines": 0, "num_statements": 15, "percent_covered": 0.0, "percent_covered_display": "0", "missing_lines": 15, "excluded_lines": 0, "num_branches": 10, "num_partial_branches": 0, "covered_branches": 0, "missing_branches": 10}, "missing_lines": [53, 55, 57, 59, 60, 61, 63, 64, 68, 69, 71, 78, 79, 84, 86], "excluded_lines": [], "executed_branches": [], "missing_branches": [[55, 57], [55, 86], [57, 59], [57, 61], [61, 63], [61, 71], [63, 64], [63, 68], [78, 79], [78, 84]]}, "_resolve_all_backends": {"executed_lines": [], "summary": {"covered_lines": 0, "num_statements": 8, "percent_covered": 0.0, "percent_covered_display": "0", "missing_lines": 8, "excluded_lines": 0, "num_branches": 2, "num_partial_branches": 0, "covered_branches": 0, "missing_branches": 2}, "missing_lines": [101, 103, 104, 107, 108, 109, 110, 114], "excluded_lines": [], "executed_branches": [], "missing_branches": [[103, 104], [103, 107]]}, "_resolve_specified_backends": {"executed_lines": [], "summary": {"covered_lines": 0, "num_statements": 11, "percent_covered": 0.0, "percent_covered_display": "0", "missing_lines": 11, "excluded_lines": 0, "num_branches": 8, "num_partial_branches": 0, "covered_branches": 0, "missing_branches": 8}, "missing_lines": [135, 136, 142, 143, 148, 149, 150, 151, 156, 157, 159], "excluded_lines": [], "executed_branches": [], "missing_branches": [[135, 136], [135, 142], [142, 143], [142, 148], [149, 150], [149, 159], [150, 151], [150, 156]]}, "_resolve_backend_name": {"executed_lines": [], "summary": {"covered_lines": 0, "num_statements": 21, "percent_covered": 0.0, "percent_covered_display": "0", "missing_lines": 21, "excluded_lines": 0, "num_branches": 8, "num_partial_branches": 0, "covered_branches": 0, "missing_branches": 8}, "missing_lines": [180, 181, 182, 183, 184, 189, 193, 194, 196, 197, 198, 199, 201, 202, 203, 208, 209, 210, 211, 216, 218], "excluded_lines": [], "executed_branches": [], "missing_branches": [[180, 181], [180, 189], [194, 196], [194, 201], [197, 194], [197, 198], [201, 202], [201, 208]]}, "_validate_backend_kernel_match": {"executed_lines": [], "summary": {"covered_lines": 0, "num_statements": 6, "percent_covered": 0.0, "percent_covered_display": "0", "missing_lines": 6, "excluded_lines": 0, "num_branches": 4, "num_partial_branches": 0, "covered_branches": 0, "missing_branches": 4}, "missing_lines": [234, 237, 238, 240, 243, 244], "excluded_lines": [], "executed_branches": [], "missing_branches": [[237, 238], [237, 240], [243, -221], [243, 244]]}, "": {"executed_lines": [4, 10, 12, 15, 89, 117, 162, 221], "summary": {"covered_lines": 7, "num_statements": 7, "percent_covered": 100.0, "percent_covered_display": "100", "missing_lines": 0, "excluded_lines": 0, "num_branches": 0, "num_partial_branches": 0, "covered_branches": 0, "missing_branches": 0}, "missing_lines": [], "excluded_lines": [], "executed_branches": [], "missing_branches": []}}, "classes": {"": {"executed_lines": [4, 10, 12, 15, 89, 117, 162, 221], "summary": {"covered_lines": 7, "num_statements": 68, "percent_covered": 7.0, "percent_covered_display": "7", "missing_lines": 61, "excluded_lines": 0, "num_branches": 32, "num_partial_branches": 0, "covered_branches": 0, "missing_branches": 32}, "missing_lines": [53, 55, 57, 59, 60, 61, 63, 64, 68, 69, 71, 78, 79, 84, 86, 101, 103, 104, 107, 108, 109, 110, 114, 135, 136, 142, 143, 148, 149, 150, 151, 156, 157, 159, 180, 181, 182, 183, 184, 189, 193, 194, 196, 197, 198, 199, 201, 202, 203, 208, 209, 210, 211, 216, 218, 234, 237, 238, 240, 243, 244], "excluded_lines": [], "executed_branches": [], "missing_branches": [[55, 57], [55, 86], [57, 59], [57, 61], [61, 63], [61, 71], [63, 64], [63, 68], [78, 79], [78, 84], [103, 104], [103, 107], [135, 136], [135, 142], [142, 143], [142, 148], [149, 150], [149, 159], [150, 151], [150, 156], [180, 181], [180, 189], [194, 196], [194, 201], [197, 194], [197, 198], [201, 202], [201, 208], [237, 238], [237, 240], [243, -221], [243, 244]]}}}, "/home/tafk/dev/brainsmith-1/brainsmith/dse/_parser/loader.py": {"executed_lines": [4, 10, 11, 12, 13, 14, 16, 19, 56, 92], "summary": {"covered_lines": 9, "num_statements": 44, "percent_covered": 15.0, "percent_covered_display": "15", "missing_lines": 35, "excluded_lines": 0, "num_branches": 16, "num_partial_branches": 0, "covered_branches": 0, "missing_branches": 16}, "missing_lines": [39, 40, 41, 42, 44, 45, 48, 49, 53, 66, 67, 69, 70, 72, 73, 75, 77, 78, 80, 82, 83, 85, 87, 89, 105, 114, 116, 119, 120, 122, 125, 126, 129, 132, 134], "excluded_lines": [], "executed_branches": [], "missing_branches": [[39, 40], [39, 44], [44, 45], [44, 48], [48, 49], [48, 53], [69, 70], [69, 89], [72, 73], [72, 75], [77, 78], [77, 80], [119, 120], [119, 129], [125, 126], [125, 129]], "functions": {"_expand_env_vars_with_context": {"executed_lines": [], "summary": {"covered_lines": 0, "num_statements": 9, "percent_covered": 0.0, "percent_covered_display": "0", "missing_lines": 9, "excluded_lines": 0, "num_branches": 6, "num_partial_branches": 0, "covered_branches": 0, "missing_branches": 6}, "missing_lines": [39, 40, 41, 42, 44, 45, 48, 49, 53], "excluded_lines": [], "executed_branches": [], "missing_branches": [[39, 40], [39, 44], [44, 45], [44, 48], [48, 49], [48, 53]]}, "_load_with_inheritance": {"executed_lines": [], "summary": {"covered_lines": 0, "num_statements": 15, "percent_covered": 0.0, "percent_covered_display": "0", "missing_lines": 15, "excluded_lines": 0, "num_branches": 6, "num_partial_branches": 0, "covered_branches": 0, "missing_branches": 6}, "missing_lines": [66, 67, 69, 70, 72, 73, 75, 77, 78, 80, 82, 83, 85, 87, 89], "excluded_lines": [], "executed_branches": [], "missing_branches": [[69, 70], [69, 89], [72, 73], [72, 75], [77, 78], [77, 80]]}, "load_blueprint_with_inheritance": {"executed_lines": [], "summary": {"covered_lines": 0, "num_statements": 11, "percent_covered": 0.0, "percent_covered_display": "0", "missing_lines": 11, "excluded_lines": 0, "num_branches": 4, "num_partial_branches": 0, "covered_branches": 0, "missing_branches": 4}, "missing_lines": [105, 114, 116, 119, 120, 122, 125, 126, 129, 132, 134], "excluded_lines": [], "executed_branches": [], "missing_branches": [[119, 120], [119, 129], [125, 126], [125, 129]]}, "": {"executed_lines": [4, 10, 11, 12, 13, 14, 16, 19, 56, 92], "summary": {"covered_lines": 9, "num_statements": 9, "percent_covered": 100.0, "percent_covered_display": "100", "missing_lines": 0, "excluded_lines": 0, "num_branches": 0, "num_partial_branches": 0, "covered_branches": 0, "missing_branches": 0}, "missing_lines": [], "excluded_lines": [], "executed_branches": [], "missing_branches": []}}, "classes": {"": {"executed_lines": [4, 10, 11, 12, 13, 14, 16, 19, 56, 92], "summary": {"covered_lines": 9, "num_statements": 44, "percent_covered": 15.0, "percent_covered_display": "15", "missing_lines": 35, "excluded_lines": 0, "num_branches": 16, "num_partial_branches": 0, "covered_branches": 0, "missing_branches": 16}, "missing_lines": [39, 40, 41, 42, 44, 45, 48, 49, 53, 66, 67, 69, 70, 72, 73, 75, 77, 78, 80, 82, 83, 85, 87, 89, 105, 114, 116, 119, 120, 122, 125, 126, 129, 132, 134], "excluded_lines": [], "executed_branches": [], "missing_branches": [[39, 40], [39, 44], [44, 45], [44, 48], [48, 49], [48, 53], [69, 70], [69, 89], [72, 73], [72, 75], [77, 78], [77, 80], [119, 120], [119, 129], [125, 126], [125, 129]]}}}, "/home/tafk/dev/brainsmith-1/brainsmith/dse/_parser/steps.py": {"executed_lines": [4, 11, 13, 14, 16, 17, 20, 23, 26, 27, 28, 29, 30, 31, 32, 34, 35, 52, 95, 123, 131, 136, 147, 157, 167, 175, 182, 203, 214, 238, 268, 289, 306], "summary": {"covered_lines": 31, "num_statements": 139, "percent_covered": 14.285714285714286, "percent_covered_display": "14", "missing_lines": 108, "excluded_lines": 0, "num_branches": 78, "num_partial_branches": 0, "covered_branches": 0, "missing_branches": 78}, "missing_lines": [37, 38, 39, 40, 41, 42, 43, 44, 45, 46, 47, 48, 49, 66, 67, 68, 69, 70, 71, 72, 74, 77, 79, 80, 82, 85, 88, 89, 92, 99, 100, 101, 104, 105, 108, 117, 118, 119, 120, 125, 126, 127, 128, 133, 138, 139, 140, 141, 143, 144, 149, 150, 151, 152, 153, 154, 159, 160, 161, 162, 163, 164, 169, 170, 171, 172, 177, 178, 179, 189, 191, 192, 194, 197, 200, 205, 206, 207, 208, 209, 210, 211, 228, 229, 230, 231, 232, 233, 235, 257, 260, 263, 265, 277, 278, 279, 283, 284, 298, 300, 301, 302, 303, 320, 321, 322, 323, 324], "excluded_lines": [], "executed_branches": [], "missing_branches": [[37, 38], [37, 39], [39, 40], [39, 41], [41, 42], [41, 43], [43, 44], [43, 45], [45, 46], [45, 47], [47, 48], [47, 49], [68, 69], [68, 77], [69, 70], [69, 74], [71, 68], [71, 72], [77, 79], [77, 80], [80, 82], [80, 85], [88, 89], [88, 92], [100, 101], [100, 104], [118, 119], [118, 120], [125, -123], [125, 126], [126, -123], [126, 127], [127, 126], [127, 128], [139, 140], [139, 144], [140, 141], [140, 143], [150, 151], [150, 154], [152, 150], [152, 153], [160, 161], [160, 164], [161, 162], [161, 163], [189, 191], [189, 200], [191, -182], [191, 192], [192, 194], [192, 197], [205, 206], [205, 207], [207, 208], [207, 209], [209, 210], [209, 211], [228, 229], [228, 230], [230, 231], [230, 232], [232, 233], [232, 235], [277, -268], [277, 278], [278, 279], [278, 283], [283, 277], [283, 284], [300, 301], [300, 302], [302, -289], [302, 303], [320, 321], [320, 322], [322, 323], [322, 324]], "functions": {"StepOperation.from_dict": {"executed_lines": [], "summary": {"covered_lines": 0, "num_statements": 13, "percent_covered": 0.0, "percent_covered_display": "0", "missing_lines": 13, "excluded_lines": 0, "num_branches": 12, "num_partial_branches": 0, "covered_branches": 0, "missing_branches": 12}, "missing_lines": [37, 38, 39, 40, 41, 42, 43, 44, 45, 46, 47, 48, 49], "excluded_lines": [], "executed_branches": [], "missing_branches": [[37, 38], [37, 39], [39, 40], [39, 41], [41, 42], [41, 43], [43, 44], [43, 45], [45, 46], [45, 47], [47, 48], [47, 49]]}, "parse_steps": {"executed_lines": [], "summary": {"covered_lines": 0, "num_statements": 16, "percent_covered": 0.0, "percent_covered_display": "0", "missing_lines": 16, "excluded_lines": 0, "num_branches": 12, "num_partial_branches": 0, "covered_branches": 0, "missing_branches": 12}, "missing_lines": [66, 67, 68, 69, 70, 71, 72, 74, 77, 79, 80, 82, 85, 88, 89, 92], "excluded_lines": [], "executed_branches": [], "missing_branches": [[68, 69], [68, 77], [69, 70], [69, 74], [71, 68], [71, 72], [77, 79], [77, 80], [80, 82], [80, 85], [88, 89], [88, 92]]}, "_apply_step_operation": {"executed_lines": [], "summary": {"covered_lines": 0, "num_statements": 10, "percent_covered": 0.0, "percent_covered_display": "0", "missing_lines": 10, "excluded_lines": 0, "num_branches": 4, "num_partial_branches": 0, "covered_branches": 0, "missing_branches": 4}, "missing_lines": [99, 100, 101, 104, 105, 108, 117, 118, 119, 120], "excluded_lines": [], "executed_branches": [], "missing_branches": [[100, 101], [100, 104], [118, 119], [118, 120]]}, "_validate_nested_lists": {"executed_lines": [], "summary": {"covered_lines": 0, "num_statements": 4, "percent_covered": 0.0, "percent_covered_display": "0", "missing_lines": 4, "excluded_lines": 0, "num_branches": 6, "num_partial_branches": 0, "covered_branches": 0, "missing_branches": 6}, "missing_lines": [125, 126, 127, 128], "excluded_lines": [], "executed_branches": [], "missing_branches": [[125, -123], [125, 126], [126, -123], [126, 127], [127, 126], [127, 128]]}, "_apply_remove": {"executed_lines": [], "summary": {"covered_lines": 0, "num_statements": 1, "percent_covered": 0.0, "percent_covered_display": "0", "missing_lines": 1, "excluded_lines": 0, "num_branches": 0, "num_partial_branches": 0, "covered_branches": 0, "missing_branches": 0}, "missing_lines": [133], "excluded_lines": [], "executed_branches": [], "missing_branches": []}, "_apply_replace": {"executed_lines": [], "summary": {"covered_lines": 0, "num_statements": 6, "percent_covered": 0.0, "percent_covered_display": "0", "missing_lines": 6, "excluded_lines": 0, "num_branches": 4, "num_partial_branches": 0, "covered_branches": 0, "missing_branches": 4}, "missing_lines": [138, 139, 140, 141, 143, 144], "excluded_lines": [], "executed_branches": [], "missing_branches": [[139, 140], [139, 144], [140, 141], [140, 143]]}, "_apply_after": {"executed_lines": [], "summary": {"covered_lines": 0, "num_statements": 6, "percent_covered": 0.0, "percent_covered_display": "0", "missing_lines": 6, "excluded_lines": 0, "num_branches": 4, "num_partial_branches": 0, "covered_branches": 0, "missing_branches": 4}, "missing_lines": [149, 150, 151, 152, 153, 154], "excluded_lines": [], "executed_branches": [], "missing_branches": [[150, 151], [150, 154], [152, 150], [152, 153]]}, "_apply_before": {"executed_lines": [], "summary": {"covered_lines": 0, "num_statements": 6, "percent_covered": 0.0, "percent_covered_display": "0", "missing_lines": 6, "excluded_lines": 0, "num_branches": 4, "num_partial_branches": 0, "covered_branches": 0, "missing_branches": 4}, "missing_lines": [159, 160, 161, 162, 163, 164], "excluded_lines": [], "executed_branches": [], "missing_branches": [[160, 161], [160, 164], [161, 162], [161, 163]]}, "_apply_at_start": {"executed_lines": [], "summary": {"covered_lines": 0, "num_statements": 4, "percent_covered": 0.0, "percent_covered_display": "0", "missing_lines": 4, "excluded_lines": 0, "num_branches": 0, "num_partial_branches": 0, "covered_branches": 0, "missing_branches": 0}, "missing_lines": [169, 170, 171, 172], "excluded_lines": [], "executed_branches": [], "missing_branches": []}, "_apply_at_end": {"executed_lines": [], "summary": {"covered_lines": 0, "num_statements": 3, "percent_covered": 0.0, "percent_covered_display": "0", "missing_lines": 3, "excluded_lines": 0, "num_branches": 0, "num_partial_branches": 0, "covered_branches": 0, "missing_branches": 0}, "missing_lines": [177, 178, 179], "excluded_lines": [], "executed_branches": [], "missing_branches": []}, "_insert_steps": {"executed_lines": [], "summary": {"covered_lines": 0, "num_statements": 6, "percent_covered": 0.0, "percent_covered_display": "0", "missing_lines": 6, "excluded_lines": 0, "num_branches": 6, "num_partial_branches": 0, "covered_branches": 0, "missing_branches": 6}, "missing_lines": [189, 191, 192, 194, 197, 200], "excluded_lines": [], "executed_branches": [], "missing_branches": [[189, 191], [189, 200], [191, -182], [191, 192], [192, 194], [192, 197]]}, "_step_matches": {"executed_lines": [], "summary": {"covered_lines": 0, "num_statements": 7, "percent_covered": 0.0, "percent_covered_display": "0", "missing_lines": 7, "excluded_lines": 0, "num_branches": 6, "num_partial_branches": 0, "covered_branches": 0, "missing_branches": 6}, "missing_lines": [205, 206, 207, 208, 209, 210, 211], "excluded_lines": [], "executed_branches": [], "missing_branches": [[205, 206], [205, 207], [207, 208], [207, 209], [209, 210], [209, 211]]}, "_validate_spec": {"executed_lines": [], "summary": {"covered_lines": 0, "num_statements": 7, "percent_covered": 0.0, "percent_covered_display": "0", "missing_lines": 7, "excluded_lines": 0, "num_branches": 6, "num_partial_branches": 0, "covered_branches": 0, "missing_branches": 6}, "missing_lines": [228, 229, 230, 231, 232, 233, 235], "excluded_lines": [], "executed_branches": [], "missing_branches": [[228, 229], [228, 230], [230, 231], [230, 232], [232, 233], [232, 235]]}, "_validate_branch_point": {"executed_lines": [], "summary": {"covered_lines": 0, "num_statements": 4, "percent_covered": 0.0, "percent_covered_display": "0", "missing_lines": 4, "excluded_lines": 0, "num_branches": 0, "num_partial_branches": 0, "covered_branches": 0, "missing_branches": 0}, "missing_lines": [257, 260, 263, 265], "excluded_lines": [], "executed_branches": [], "missing_branches": []}, "_validate_branch_types": {"executed_lines": [], "summary": {"covered_lines": 0, "num_statements": 5, "percent_covered": 0.0, "percent_covered_display": "0", "missing_lines": 5, "excluded_lines": 0, "num_branches": 6, "num_partial_branches": 0, "covered_branches": 0, "missing_branches": 6}, "missing_lines": [277, 278, 279, 283, 284], "excluded_lines": [], "executed_branches": [], "missing_branches": [[277, -268], [277, 278], [278, 279], [278, 283], [283, 277], [283, 284]]}, "_validate_branch_constraints": {"executed_lines": [], "summary": {"covered_lines": 0, "num_statements": 5, "percent_covered": 0.0, "percent_covered_display": "0", "missing_lines": 5, "excluded_lines": 0, "num_branches": 4, "num_partial_branches": 0, "covered_branches": 0, "missing_branches": 4}, "missing_lines": [298, 300, 301, 302, 303], "excluded_lines": [], "executed_branches": [], "missing_branches": [[300, 301], [300, 302], [302, -289], [302, 303]]}, "_validate_step": {"executed_lines": [], "summary": {"covered_lines": 0, "num_statements": 5, "percent_covered": 0.0, "percent_covered_display": "0", "missing_lines": 5, "excluded_lines": 0, "num_branches": 4, "num_partial_branches": 0, "covered_branches": 0, "missing_branches": 4}, "missing_lines": [320, 321, 322, 323, 324], "excluded_lines": [], "executed_branches": [], "missing_branches": [[320, 321], [320, 322], [322, 323], [322, 324]]}, "": {"executed_lines": [4, 11, 13, 14, 16, 17, 20, 23, 26, 27, 28, 29, 30, 31, 32, 34, 35, 52, 95, 123, 131, 136, 147, 157, 167, 175, 182, 203, 214, 238, 268, 289, 306], "summary": {"covered_lines": 31, "num_statements": 31, "percent_covered": 100.0, "percent_covered_display": "100", "missing_lines": 0, "excluded_lines": 0, "num_branches": 0, "num_partial_branches": 0, "covered_branches": 0, "missing_branches": 0}, "missing_lines": [], "excluded_lines": [], "executed_branches": [], "missing_branches": []}}, "classes": {"StepOperation": {"executed_lines": [], "summary": {"covered_lines": 0, "num_statements": 13, "percent_covered": 0.0, "percent_covered_display": "0", "missing_lines": 13, "excluded_lines": 0, "num_branches": 12, "num_partial_branches": 0, "covered_branches": 0, "missing_branches": 12}, "missing_lines": [37, 38, 39, 40, 41, 42, 43, 44, 45, 46, 47, 48, 49], "excluded_lines": [], "executed_branches": [], "missing_branches": [[37, 38], [37, 39], [39, 40], [39, 41], [41, 42], [41, 43], [43, 44], [43, 45], [45, 46], [45, 47], [47, 48], [47, 49]]}, "": {"executed_lines": [4, 11, 13, 14, 16, 17, 20, 23, 26, 27, 28, 29, 30, 31, 32, 34, 35, 52, 95, 123, 131, 136, 147, 157, 167, 175, 182, 203, 214, 238, 268, 289, 306], "summary": {"covered_lines": 31, "num_statements": 126, "percent_covered": 16.145833333333332, "percent_covered_display": "16", "missing_lines": 95, "excluded_lines": 0, "num_branches": 66, "num_partial_branches": 0, "covered_branches": 0, "missing_branches": 66}, "missing_lines": [66, 67, 68, 69, 70, 71, 72, 74, 77, 79, 80, 82, 85, 88, 89, 92, 99, 100, 101, 104, 105, 108, 117, 118, 119, 120, 125, 126, 127, 128, 133, 138, 139, 140, 141, 143, 144, 149, 150, 151, 152, 153, 154, 159, 160, 161, 162, 163, 164, 169, 170, 171, 172, 177, 178, 179, 189, 191, 192, 194, 197, 200, 205, 206, 207, 208, 209, 210, 211, 228, 229, 230, 231, 232, 233, 235, 257, 260, 263, 265, 277, 278, 279, 283, 284, 298, 300, 301, 302, 303, 320, 321, 322, 323, 324], "excluded_lines": [], "executed_branches": [], "missing_branches": [[68, 69], [68, 77], [69, 70], [69, 74], [71, 68], [71, 72], [77, 79], [77, 80], [80, 82], [80, 85], [88, 89], [88, 92], [100, 101], [100, 104], [118, 119], [118, 120], [125, -123], [125, 126], [126, -123], [126, 127], [127, 126], [127, 128], [139, 140], [139, 144], [140, 141], [140, 143], [150, 151], [150, 154], [152, 150], [152, 153], [160, 161], [160, 164], [161, 162], [161, 163], [189, 191], [189, 200], [191, -182], [191, 192], [192, 194], [192, 197], [205, 206], [205, 207], [207, 208], [207, 209], [209, 210], [209, 211], [228, 229], [228, 230], [230, 231], [230, 232], [232, 233], [232, 235], [277, -268], [277, 278], [278, 279], [278, 283], [283, 277], [283, 284], [300, 301], [300, 302], [302, -289], [302, 303], [320, 321], [320, 322], [322, 323], [322, 324]]}}}, "/home/tafk/dev/brainsmith-1/brainsmith/dse/api.py": {"executed_lines": [4, 11, 13, 14, 15, 16, 17, 19, 20, 21, 22, 23, 24, 26, 29, 139, 161], "summary": {"covered_lines": 16, "num_statements": 67, "percent_covered": 21.333333333333332, "percent_covered_display": "21", "missing_lines": 51, "excluded_lines": 0, "num_branches": 8, "num_partial_branches": 0, "covered_branches": 0, "missing_branches": 8}, "missing_lines": [57, 58, 59, 60, 61, 62, 65, 66, 69, 70, 71, 72, 74, 75, 78, 79, 80, 82, 83, 84, 85, 88, 96, 97, 99, 103, 104, 105, 106, 107, 110, 113, 114, 115, 122, 125, 126, 127, 128, 129, 131, 157, 158, 185, 186, 189, 190, 191, 194, 201, 204], "excluded_lines": [], "executed_branches": [], "missing_branches": [[58, 59], [58, 60], [61, 62], [61, 65], [69, 70], [69, 74], [189, 190], [189, 194]], "functions": {"explore_design_space": {"executed_lines": [], "summary": {"covered_lines": 0, "num_statements": 41, "percent_covered": 0.0, "percent_covered_display": "0", "missing_lines": 41, "excluded_lines": 0, "num_branches": 6, "num_partial_branches": 0, "covered_branches": 0, "missing_branches": 6}, "missing_lines": [57, 58, 59, 60, 61, 62, 65, 66, 69, 70, 71, 72, 74, 75, 78, 79, 80, 82, 83, 84, 85, 88, 96, 97, 99, 103, 104, 105, 106, 107, 110, 113, 114, 115, 122, 125, 126, 127, 128, 129, 131], "excluded_lines": [], "executed_branches": [], "missing_branches": [[58, 59], [58, 60], [61, 62], [61, 65], [69, 70], [69, 74]]}, "build_tree": {"executed_lines": [], "summary": {"covered_lines": 0, "num_statements": 2, "percent_covered": 0.0, "percent_covered_display": "0", "missing_lines": 2, "excluded_lines": 0, "num_branches": 0, "num_partial_branches": 0, "covered_branches": 0, "missing_branches": 0}, "missing_lines": [157, 158], "excluded_lines": [], "executed_branches": [], "missing_branches": []}, "execute_tree": {"executed_lines": [], "summary": {"covered_lines": 0, "num_statements": 8, "percent_covered": 0.0, "percent_covered_display": "0", "missing_lines": 8, "excluded_lines": 0, "num_branches": 2, "num_partial_branches": 0, "covered_branches": 0, "missing_branches": 2}, "missing_lines": [185, 186, 189, 190, 191, 194, 201, 204], "excluded_lines": [], "executed_branches": [], "missing_branches": [[189, 190], [189, 194]]}, "": {"executed_lines": [4, 11, 13, 14, 15, 16, 17, 19, 20, 21, 22, 23, 24, 26, 29, 139, 161], "summary": {"covered_lines": 16, "num_statements": 16, "percent_covered": 100.0, "percent_covered_display": "100", "missing_lines": 0, "excluded_lines": 0, "num_branches": 0, "num_partial_branches": 0, "covered_branches": 0, "missing_branches": 0}, "missing_lines": [], "excluded_lines": [], "executed_branches": [], "missing_branches": []}}, "classes": {"": {"executed_lines": [4, 11, 13, 14, 15, 16, 17, 19, 20, 21, 22, 23, 24, 26, 29, 139, 161], "summary": {"covered_lines": 16, "num_statements": 67, "percent_covered": 21.333333333333332, "percent_covered_display": "21", "missing_lines": 51, "excluded_lines": 0, "num_branches": 8, "num_partial_branches": 0, "covered_branches": 0, "missing_branches": 8}, "missing_lines": [57, 58, 59, 60, 61, 62, 65, 66, 69, 70, 71, 72, 74, 75, 78, 79, 80, 82, 83, 84, 85, 88, 96, 97, 99, 103, 104, 105, 106, 107, 110, 113, 114, 115, 122, 125, 126, 127, 128, 129, 131, 157, 158, 185, 186, 189, 190, 191, 194, 201, 204], "excluded_lines": [], "executed_branches": [], "missing_branches": [[58, 59], [58, 60], [61, 62], [61, 65], [69, 70], [69, 74], [189, 190], [189, 194]]}}}, "/home/tafk/dev/brainsmith-1/brainsmith/dse/config.py": {"executed_lines": [4, 11, 12, 13, 15, 18, 19, 20, 31, 34, 37, 40, 41, 44, 46, 57, 66], "summary": {"covered_lines": 15, "num_statements": 25, "percent_covered": 51.724137931034484, "percent_covered_display": "52", "missing_lines": 10, "excluded_lines": 0, "num_branches": 4, "num_partial_branches": 0, "covered_branches": 0, "missing_branches": 4}, "missing_lines": [49, 50, 53, 54, 59, 60, 61, 62, 63, 82], "excluded_lines": [], "executed_branches": [], "missing_branches": [[49, 50], [49, 53], [53, -46], [53, 54]], "functions": {"DSEConfig.__post_init__": {"executed_lines": [], "summary": {"covered_lines": 0, "num_statements": 4, "percent_covered": 0.0, "percent_covered_display": "0", "missing_lines": 4, "excluded_lines": 0, "num_branches": 4, "num_partial_branches": 0, "covered_branches": 0, "missing_branches": 4}, "missing_lines": [49, 50, 53, 54], "excluded_lines": [], "executed_branches": [], "missing_branches": [[49, 50], [49, 53], [53, -46], [53, 54]]}, "_parse_output_type": {"executed_lines": [], "summary": {"covered_lines": 0, "num_statements": 5, "percent_covered": 0.0, "percent_covered_display": "0", "missing_lines": 5, "excluded_lines": 0, "num_branches": 0, "num_partial_branches": 0, "covered_branches": 0, "missing_branches": 0}, "missing_lines": [59, 60, 61, 62, 63], "excluded_lines": [], "executed_branches": [], "missing_branches": []}, "extract_config": {"executed_lines": [], "summary": {"covered_lines": 0, "num_statements": 1, "percent_covered": 0.0, "percent_covered_display": "0", "missing_lines": 1, "excluded_lines": 0, "num_branches": 0, "num_partial_branches": 0, "covered_branches": 0, "missing_branches": 0}, "missing_lines": [82], "excluded_lines": [], "executed_branches": [], "missing_branches": []}, "": {"executed_lines": [4, 11, 12, 13, 15, 18, 19, 20, 31, 34, 37, 40, 41, 44, 46, 57, 66], "summary": {"covered_lines": 15, "num_statements": 15, "percent_covered": 100.0, "percent_covered_display": "100", "missing_lines": 0, "excluded_lines": 0, "num_branches": 0, "num_partial_branches": 0, "covered_branches": 0, "missing_branches": 0}, "missing_lines": [], "excluded_lines": [], "executed_branches": [], "missing_branches": []}}, "classes": {"DSEConfig": {"executed_lines": [], "summary": {"covered_lines": 0, "num_statements": 4, "percent_covered": 0.0, "percent_covered_display": "0", "missing_lines": 4, "excluded_lines": 0, "num_branches": 4, "num_partial_branches": 0, "covered_branches": 0, "missing_branches": 4}, "missing_lines": [49, 50, 53, 54], "excluded_lines": [], "executed_branches": [], "missing_branches": [[49, 50], [49, 53], [53, -46], [53, 54]]}, "": {"executed_lines": [4, 11, 12, 13, 15, 18, 19, 20, 31, 34, 37, 40, 41, 44, 46, 57, 66], "summary": {"covered_lines": 15, "num_statements": 21, "percent_covered": 71.42857142857143, "percent_covered_display": "71", "missing_lines": 6, "excluded_lines": 0, "num_branches": 0, "num_partial_branches": 0, "covered_branches": 0, "missing_branches": 0}, "missing_lines": [59, 60, 61, 62, 63, 82], "excluded_lines": [], "executed_branches": [], "missing_branches": []}}}, "/home/tafk/dev/brainsmith-1/brainsmith/dse/design_space.py": {"executed_lines": [4, 11, 12, 13, 16, 17, 18, 28, 29, 35, 37, 39, 43, 57, 65], "summary": {"covered_lines": 13, "num_statements": 26, "percent_covered": 38.23529411764706, "percent_covered_display": "38", "missing_lines": 13, "excluded_lines": 0, "num_branches": 8, "num_partial_branches": 0, "covered_branches": 0, "missing_branches": 8}, "missing_lines": [41, 45, 46, 47, 49, 51, 52, 59, 60, 61, 62, 63, 67], "excluded_lines": [], "executed_branches": [], "missing_branches": [[46, 47], [46, 51], [47, 46], [47, 49], [51, -43], [51, 52], [60, 61], [60, 63]], "functions": {"GlobalDesignSpace.__post_init__": {"executed_lines": [], "summary": {"covered_lines": 0, "num_statements": 1, "percent_covered": 0.0, "percent_covered_display": "0", "missing_lines": 1, "excluded_lines": 0, "num_branches": 0, "num_partial_branches": 0, "covered_branches": 0, "missing_branches": 0}, "missing_lines": [41], "excluded_lines": [], "executed_branches": [], "missing_branches": []}, "GlobalDesignSpace._validate_size": {"executed_lines": [], "summary": {"covered_lines": 0, "num_statements": 6, "percent_covered": 0.0, "percent_covered_display": "0", "missing_lines": 6, "excluded_lines": 0, "num_branches": 6, "num_partial_branches": 0, "covered_branches": 0, "missing_branches": 6}, "missing_lines": [45, 46, 47, 49, 51, 52], "excluded_lines": [], "executed_branches": [], "missing_branches": [[46, 47], [46, 51], [47, 46], [47, 49], [51, -43], [51, 52]]}, "GlobalDesignSpace.get_kernel_summary": {"executed_lines": [], "summary": {"covered_lines": 0, "num_statements": 5, "percent_covered": 0.0, "percent_covered_display": "0", "missing_lines": 5, "excluded_lines": 0, "num_branches": 2, "num_partial_branches": 0, "covered_branches": 0, "missing_branches": 2}, "missing_lines": [59, 60, 61, 62, 63], "excluded_lines": [], "executed_branches": [], "missing_branches": [[60, 61], [60, 63]]}, "GlobalDesignSpace.__str__": {"executed_lines": [], "summary": {"covered_lines": 0, "num_statements": 1, "percent_covered": 0.0, "percent_covered_display": "0", "missing_lines": 1, "excluded_lines": 0, "num_branches": 0, "num_partial_branches": 0, "covered_branches": 0, "missing_branches": 0}, "missing_lines": [67], "excluded_lines": [], "executed_branches": [], "missing_branches": []}, "": {"executed_lines": [4, 11, 12, 13, 16, 17, 18, 28, 29, 35, 37, 39, 43, 57, 65], "summary": {"covered_lines": 13, "num_statements": 13, "percent_covered": 100.0, "percent_covered_display": "100", "missing_lines": 0, "excluded_lines": 0, "num_branches": 0, "num_partial_branches": 0, "covered_branches": 0, "missing_branches": 0}, "missing_lines": [], "excluded_lines": [], "executed_branches": [], "missing_branches": []}}, "classes": {"GlobalDesignSpace": {"executed_lines": [], "summary": {"covered_lines": 0, "num_statements": 13, "percent_covered": 0.0, "percent_covered_display": "0", "missing_lines": 13, "excluded_lines": 0, "num_branches": 8, "num_partial_branches": 0, "covered_branches": 0, "missing_branches": 8}, "missing_lines": [41, 45, 46, 47, 49, 51, 52, 59, 60, 61, 62, 63, 67], "excluded_lines": [], "executed_branches": [], "missing_branches": [[46, 47], [46, 51], [47, 46], [47, 49], [51, -43], [51, 52], [60, 61], [60, 63]]}, "": {"executed_lines": [4, 11, 12, 13, 16, 17, 18, 28, 29, 35, 37, 39, 43, 57, 65], "summary": {"covered_lines": 13, "num_statements": 13, "percent_covered": 100.0, "percent_covered_display": "100", "missing_lines": 0, "excluded_lines": 0, "num_branches": 0, "num_partial_branches": 0, "covered_branches": 0, "missing_branches": 0}, "missing_lines": [], "excluded_lines": [], "executed_branches": [], "missing_branches": []}}}, "/home/tafk/dev/brainsmith-1/brainsmith/dse/runner.py": {"executed_lines": [4, 6, 7, 8, 9, 10, 12, 13, 14, 16, 17, 18, 19, 20, 22, 25, 53, 54, 60, 82, 103, 209, 289, 310, 348, 373, 379], "summary": {"covered_lines": 25, "num_statements": 165, "percent_covered": 11.961722488038278, "percent_covered_display": "12", "missing_lines": 140, "excluded_lines": 0, "num_branches": 44, "num_partial_branches": 0, "covered_branches": 0, "missing_branches": 44}, "missing_lines": [39, 40, 41, 43, 45, 46, 48, 49, 50, 71, 72, 75, 76, 77, 78, 95, 96, 99, 100, 101, 119, 120, 122, 123, 125, 126, 127, 130, 132, 133, 134, 137, 138, 139, 144, 147, 150, 151, 153, 161, 162, 163, 165, 166, 167, 168, 169, 170, 171, 172, 173, 174, 175, 177, 178, 181, 189, 190, 191, 192, 195, 196, 199, 200, 203, 204, 205, 207, 225, 226, 229, 230, 231, 233, 234, 241, 243, 244, 245, 247, 248, 251, 254, 257, 258, 259, 262, 264, 266, 268, 270, 271, 272, 280, 282, 283, 284, 285, 286, 287, 301, 303, 305, 306, 308, 326, 328, 329, 330, 331, 333, 336, 337, 339, 341, 342, 343, 345, 346, 358, 359, 360, 363, 366, 367, 368, 369, 371, 375, 376, 377, 381, 382, 383, 384, 385, 386, 387, 388, 389], "excluded_lines": [], "executed_branches": [], "missing_branches": [[39, 40], [39, 43], [45, -25], [45, 46], [48, 49], [48, 50], [95, 96], [95, 99], [132, 133], [132, 203], [137, 138], [137, 147], [150, 151], [150, 165], [161, 162], [161, 163], [174, 175], [174, 177], [177, 178], [177, 181], [190, 191], [190, 192], [195, 196], [195, 199], [199, 132], [199, 200], [229, 230], [229, 251], [268, 270], [268, 280], [285, 286], [285, 287], [329, 330], [329, 346], [330, 331], [330, 333], [336, 337], [336, 339], [366, 367], [366, 368], [368, 369], [368, 371], [375, -373], [375, 376]], "functions": {"_share_artifacts_at_branch": {"executed_lines": [], "summary": {"covered_lines": 0, "num_statements": 9, "percent_covered": 0.0, "percent_covered_display": "0", "missing_lines": 9, "excluded_lines": 0, "num_branches": 6, "num_partial_branches": 0, "covered_branches": 0, "missing_branches": 6}, "missing_lines": [39, 40, 41, 43, 45, 46, 48, 49, 50], "excluded_lines": [], "executed_branches": [], "missing_branches": [[39, 40], [39, 43], [45, -25], [45, 46], [48, 49], [48, 50]]}, "SegmentRunner.__init__": {"executed_lines": [], "summary": {"covered_lines": 0, "num_statements": 6, "percent_covered": 0.0, "percent_covered_display": "0", "missing_lines": 6, "excluded_lines": 0, "num_branches": 0, "num_partial_branches": 0, "covered_branches": 0, "missing_branches": 0}, "missing_lines": [71, 72, 75, 76, 77, 78], "excluded_lines": [], "executed_branches": [], "missing_branches": []}, "SegmentRunner._add_segment_context": {"executed_lines": [], "summary": {"covered_lines": 0, "num_statements": 5, "percent_covered": 0.0, "percent_covered_display": "0", "missing_lines": 5, "excluded_lines": 0, "num_branches": 2, "num_partial_branches": 0, "covered_branches": 0, "missing_branches": 2}, "missing_lines": [95, 96, 99, 100, 101], "excluded_lines": [], "executed_branches": [], "missing_branches": [[95, 96], [95, 99]]}, "SegmentRunner.run_tree": {"executed_lines": [], "summary": {"covered_lines": 0, "num_statements": 48, "percent_covered": 0.0, "percent_covered_display": "0", "missing_lines": 48, "excluded_lines": 0, "num_branches": 18, "num_partial_branches": 0, "covered_branches": 0, "missing_branches": 18}, "missing_lines": [119, 120, 122, 123, 125, 126, 127, 130, 132, 133, 134, 137, 138, 139, 144, 147, 150, 151, 153, 161, 162, 163, 165, 166, 167, 168, 169, 170, 171, 172, 173, 174, 175, 177, 178, 181, 189, 190, 191, 192, 195, 196, 199, 200, 203, 204, 205, 207], "excluded_lines": [], "executed_branches": [], "missing_branches": [[132, 133], [132, 203], [137, 138], [137, 147], [150, 151], [150, 165], [161, 162], [161, 163], [174, 175], [174, 177], [177, 178], [177, 181], [190, 191], [190, 192], [195, 196], [195, 199], [199, 132], [199, 200]]}, "SegmentRunner.run_segment": {"executed_lines": [], "summary": {"covered_lines": 0, "num_statements": 32, "percent_covered": 0.0, "percent_covered_display": "0", "missing_lines": 32, "excluded_lines": 0, "num_branches": 6, "num_partial_branches": 0, "covered_branches": 0, "missing_branches": 6}, "missing_lines": [225, 226, 229, 230, 231, 233, 234, 241, 243, 244, 245, 247, 248, 251, 254, 257, 258, 259, 262, 264, 266, 268, 270, 271, 272, 280, 282, 283, 284, 285, 286, 287], "excluded_lines": [], "executed_branches": [], "missing_branches": [[229, 230], [229, 251], [268, 270], [268, 280], [285, 286], [285, 287]]}, "SegmentRunner._resolve_step_name": {"executed_lines": [], "summary": {"covered_lines": 0, "num_statements": 5, "percent_covered": 0.0, "percent_covered_display": "0", "missing_lines": 5, "excluded_lines": 0, "num_branches": 0, "num_partial_branches": 0, "covered_branches": 0, "missing_branches": 0}, "missing_lines": [301, 303, 305, 306, 308], "excluded_lines": [], "executed_branches": [], "missing_branches": []}, "SegmentRunner._resolve_steps": {"executed_lines": [], "summary": {"covered_lines": 0, "num_statements": 14, "percent_covered": 0.0, "percent_covered_display": "0", "missing_lines": 14, "excluded_lines": 0, "num_branches": 6, "num_partial_branches": 0, "covered_branches": 0, "missing_branches": 6}, "missing_lines": [326, 328, 329, 330, 331, 333, 336, 337, 339, 341, 342, 343, 345, 346], "excluded_lines": [], "executed_branches": [], "missing_branches": [[329, 330], [329, 346], [330, 331], [330, 333], [336, 337], [336, 339]]}, "SegmentRunner._make_finn_config": {"executed_lines": [], "summary": {"covered_lines": 0, "num_statements": 9, "percent_covered": 0.0, "percent_covered_display": "0", "missing_lines": 9, "excluded_lines": 0, "num_branches": 4, "num_partial_branches": 0, "covered_branches": 0, "missing_branches": 4}, "missing_lines": [358, 359, 360, 363, 366, 367, 368, 369, 371], "excluded_lines": [], "executed_branches": [], "missing_branches": [[366, 367], [366, 368], [368, 369], [368, 371]]}, "SegmentRunner._mark_descendants_skipped": {"executed_lines": [], "summary": {"covered_lines": 0, "num_statements": 3, "percent_covered": 0.0, "percent_covered_display": "0", "missing_lines": 3, "excluded_lines": 0, "num_branches": 2, "num_partial_branches": 0, "covered_branches": 0, "missing_branches": 2}, "missing_lines": [375, 376, 377], "excluded_lines": [], "executed_branches": [], "missing_branches": [[375, -373], [375, 376]]}, "SegmentRunner._print_summary": {"executed_lines": [], "summary": {"covered_lines": 0, "num_statements": 9, "percent_covered": 0.0, "percent_covered_display": "0", "missing_lines": 9, "excluded_lines": 0, "num_branches": 0, "num_partial_branches": 0, "covered_branches": 0, "missing_branches": 0}, "missing_lines": [381, 382, 383, 384, 385, 386, 387, 388, 389], "excluded_lines": [], "executed_branches": [], "missing_branches": []}, "": {"executed_lines": [4, 6, 7, 8, 9, 10, 12, 13, 14, 16, 17, 18, 19, 20, 22, 25, 53, 54, 60, 82, 103, 209, 289, 310, 348, 373, 379], "summary": {"covered_lines": 25, "num_statements": 25, "percent_covered": 100.0, "percent_covered_display": "100", "missing_lines": 0, "excluded_lines": 0, "num_branches": 0, "num_partial_branches": 0, "covered_branches": 0, "missing_branches": 0}, "missing_lines": [], "excluded_lines": [], "executed_branches": [], "missing_branches": []}}, "classes": {"SegmentRunner": {"executed_lines": [], "summary": {"covered_lines": 0, "num_statements": 131, "percent_covered": 0.0, "percent_covered_display": "0", "missing_lines": 131, "excluded_lines": 0, "num_branches": 38, "num_partial_branches": 0, "covered_branches": 0, "missing_branches": 38}, "missing_lines": [71, 72, 75, 76, 77, 78, 95, 96, 99, 100, 101, 119, 120, 122, 123, 125, 126, 127, 130, 132, 133, 134, 137, 138, 139, 144, 147, 150, 151, 153, 161, 162, 163, 165, 166, 167, 168, 169, 170, 171, 172, 173, 174, 175, 177, 178, 181, 189, 190, 191, 192, 195, 196, 199, 200, 203, 204, 205, 207, 225, 226, 229, 230, 231, 233, 234, 241, 243, 244, 245, 247, 248, 251, 254, 257, 258, 259, 262, 264, 266, 268, 270, 271, 272, 280, 282, 283, 284, 285, 286, 287, 301, 303, 305, 306, 308, 326, 328, 329, 330, 331, 333, 336, 337, 339, 341, 342, 343, 345, 346, 358, 359, 360, 363, 366, 367, 368, 369, 371, 375, 376, 377, 381, 382, 383, 384, 385, 386, 387, 388, 389], "excluded_lines": [], "executed_branches": [], "missing_branches": [[95, 96], [95, 99], [132, 133], [132, 203], [137, 138], [137, 147], [150, 151], [150, 165], [161, 162], [161, 163], [174, 175], [174, 177], [177, 178], [177, 181], [190, 191], [190, 192], [195, 196], [195, 199], [199, 132], [199, 200], [229, 230], [229, 251], [268, 270], [268, 280], [285, 286], [285, 287], [329, 330], [329, 346], [330, 331], [330, 333], [336, 337], [336, 339], [366, 367], [366, 368], [368, 369], [368, 371], [375, -373], [375, 376]]}, "": {"executed_lines": [4, 6, 7, 8, 9, 10, 12, 13, 14, 16, 17, 18, 19, 20, 22, 25, 53, 54, 60, 82, 103, 209, 289, 310, 348, 373, 379], "summary": {"covered_lines": 25, "num_statements": 34, "percent_covered": 62.5, "percent_covered_display": "62", "missing_lines": 9, "excluded_lines": 0, "num_branches": 6, "num_partial_branches": 0, "covered_branches": 0, "missing_branches": 6}, "missing_lines": [39, 40, 41, 43, 45, 46, 48, 49, 50], "excluded_lines": [], "executed_branches": [], "missing_branches": [[39, 40], [39, 43], [45, -25], [45, 46], [48, 49], [48, 50]]}}}, "/home/tafk/dev/brainsmith-1/brainsmith/dse/segment.py": {"executed_lines": [4, 11, 13, 14, 15, 16, 18, 21, 22, 23, 31, 32, 35, 36, 39, 40, 41, 42, 45, 47, 48, 59, 60, 63, 64, 67, 78, 88, 95], "summary": {"covered_lines": 27, "num_statements": 54, "percent_covered": 43.54838709677419, "percent_covered_display": "44", "missing_lines": 27, "excluded_lines": 0, "num_branches": 8, "num_partial_branches": 0, "covered_branches": 0, "missing_branches": 8}, "missing_lines": [51, 52, 53, 54, 55, 56, 57, 61, 65, 69, 75, 76, 80, 81, 82, 83, 84, 85, 86, 90, 91, 92, 93, 97, 98, 99, 100], "excluded_lines": [], "executed_branches": [], "missing_branches": [[53, 54], [53, 56], [82, 83], [82, 85], [91, 92], [91, 93], [98, 99], [98, 100]], "functions": {"DSESegment.segment_id": {"executed_lines": [], "summary": {"covered_lines": 0, "num_statements": 7, "percent_covered": 0.0, "percent_covered_display": "0", "missing_lines": 7, "excluded_lines": 0, "num_branches": 2, "num_partial_branches": 0, "covered_branches": 0, "missing_branches": 2}, "missing_lines": [51, 52, 53, 54, 55, 56, 57], "excluded_lines": [], "executed_branches": [], "missing_branches": [[53, 54], [53, 56]]}, "DSESegment.is_branch_point": {"executed_lines": [], "summary": {"covered_lines": 0, "num_statements": 1, "percent_covered": 0.0, "percent_covered_display": "0", "missing_lines": 1, "excluded_lines": 0, "num_branches": 0, "num_partial_branches": 0, "covered_branches": 0, "missing_branches": 0}, "missing_lines": [61], "excluded_lines": [], "executed_branches": [], "missing_branches": []}, "DSESegment.is_leaf": {"executed_lines": [], "summary": {"covered_lines": 0, "num_statements": 1, "percent_covered": 0.0, "percent_covered_display": "0", "missing_lines": 1, "excluded_lines": 0, "num_branches": 0, "num_partial_branches": 0, "covered_branches": 0, "missing_branches": 0}, "missing_lines": [65], "excluded_lines": [], "executed_branches": [], "missing_branches": []}, "DSESegment.add_child": {"executed_lines": [], "summary": {"covered_lines": 0, "num_statements": 3, "percent_covered": 0.0, "percent_covered_display": "0", "missing_lines": 3, "excluded_lines": 0, "num_branches": 0, "num_partial_branches": 0, "covered_branches": 0, "missing_branches": 0}, "missing_lines": [69, 75, 76], "excluded_lines": [], "executed_branches": [], "missing_branches": []}, "DSESegment.get_path": {"executed_lines": [], "summary": {"covered_lines": 0, "num_statements": 7, "percent_covered": 0.0, "percent_covered_display": "0", "missing_lines": 7, "excluded_lines": 0, "num_branches": 2, "num_partial_branches": 0, "covered_branches": 0, "missing_branches": 2}, "missing_lines": [80, 81, 82, 83, 84, 85, 86], "excluded_lines": [], "executed_branches": [], "missing_branches": [[82, 83], [82, 85]]}, "DSESegment.get_all_steps": {"executed_lines": [], "summary": {"covered_lines": 0, "num_statements": 4, "percent_covered": 0.0, "percent_covered_display": "0", "missing_lines": 4, "excluded_lines": 0, "num_branches": 2, "num_partial_branches": 0, "covered_branches": 0, "missing_branches": 2}, "missing_lines": [90, 91, 92, 93], "excluded_lines": [], "executed_branches": [], "missing_branches": [[91, 92], [91, 93]]}, "DSESegment.count_descendants": {"executed_lines": [], "summary": {"covered_lines": 0, "num_statements": 4, "percent_covered": 0.0, "percent_covered_display": "0", "missing_lines": 4, "excluded_lines": 0, "num_branches": 2, "num_partial_branches": 0, "covered_branches": 0, "missing_branches": 2}, "missing_lines": [97, 98, 99, 100], "excluded_lines": [], "executed_branches": [], "missing_branches": [[98, 99], [98, 100]]}, "": {"executed_lines": [4, 11, 13, 14, 15, 16, 18, 21, 22, 23, 31, 32, 35, 36, 39, 40, 41, 42, 45, 47, 48, 59, 60, 63, 64, 67, 78, 88, 95], "summary": {"covered_lines": 27, "num_statements": 27, "percent_covered": 100.0, "percent_covered_display": "100", "missing_lines": 0, "excluded_lines": 0, "num_branches": 0, "num_partial_branches": 0, "covered_branches": 0, "missing_branches": 0}, "missing_lines": [], "excluded_lines": [], "executed_branches": [], "missing_branches": []}}, "classes": {"DSESegment": {"executed_lines": [], "summary": {"covered_lines": 0, "num_statements": 27, "percent_covered": 0.0, "percent_covered_display": "0", "missing_lines": 27, "excluded_lines": 0, "num_branches": 8, "num_partial_branches": 0, "covered_branches": 0, "missing_branches": 8}, "missing_lines": [51, 52, 53, 54, 55, 56, 57, 61, 65, 69, 75, 76, 80, 81, 82, 83, 84, 85, 86, 90, 91, 92, 93, 97, 98, 99, 100], "excluded_lines": [], "executed_branches": [], "missing_branches": [[53, 54], [53, 56], [82, 83], [82, 85], [91, 92], [91, 93], [98, 99], [98, 100]]}, "": {"executed_lines": [4, 11, 13, 14, 15, 16, 18, 21, 22, 23, 31, 32, 35, 36, 39, 40, 41, 42, 45, 47, 48, 59, 60, 63, 64, 67, 78, 88, 95], "summary": {"covered_lines": 27, "num_statements": 27, "percent_covered": 100.0, "percent_covered_display": "100", "missing_lines": 0, "excluded_lines": 0, "num_branches": 0, "num_partial_branches": 0, "covered_branches": 0, "missing_branches": 0}, "missing_lines": [], "excluded_lines": [], "executed_branches": [], "missing_branches": []}}}, "/home/tafk/dev/brainsmith-1/brainsmith/dse/tree.py": {"executed_lines": [4, 8, 9, 10, 11, 14, 15, 24, 27, 44, 69, 81, 101], "summary": {"covered_lines": 11, "num_statements": 60, "percent_covered": 14.102564102564102, "percent_covered_display": "14", "missing_lines": 49, "excluded_lines": 0, "num_branches": 18, "num_partial_branches": 0, "covered_branches": 0, "missing_branches": 18}, "missing_lines": [25, 40, 41, 42, 46, 47, 50, 51, 52, 53, 56, 57, 59, 61, 62, 64, 65, 66, 67, 71, 73, 74, 75, 76, 78, 79, 87, 88, 90, 92, 94, 95, 96, 97, 99, 103, 111, 112, 113, 114, 116, 118, 119, 121, 122, 124, 127, 128, 134], "excluded_lines": [], "executed_branches": [], "missing_branches": [[46, 47], [46, 61], [51, 52], [51, 56], [56, 57], [56, 59], [64, -44], [64, 65], [75, -73], [75, 76], [87, 88], [87, 90], [94, 95], [94, 99], [116, 118], [116, 121], [121, -111], [121, 122]], "functions": {"DSETree.__init__": {"executed_lines": [], "summary": {"covered_lines": 0, "num_statements": 1, "percent_covered": 0.0, "percent_covered_display": "0", "missing_lines": 1, "excluded_lines": 0, "num_branches": 0, "num_partial_branches": 0, "covered_branches": 0, "missing_branches": 0}, "missing_lines": [25], "excluded_lines": [], "executed_branches": [], "missing_branches": []}, "DSETree.format_tree": {"executed_lines": [], "summary": {"covered_lines": 0, "num_statements": 3, "percent_covered": 0.0, "percent_covered_display": "0", "missing_lines": 3, "excluded_lines": 0, "num_branches": 0, "num_partial_branches": 0, "covered_branches": 0, "missing_branches": 0}, "missing_lines": [40, 41, 42], "excluded_lines": [], "executed_branches": [], "missing_branches": []}, "DSETree._format_node": {"executed_lines": [], "summary": {"covered_lines": 0, "num_statements": 15, "percent_covered": 0.0, "percent_covered_display": "0", "missing_lines": 15, "excluded_lines": 0, "num_branches": 8, "num_partial_branches": 0, "covered_branches": 0, "missing_branches": 8}, "missing_lines": [46, 47, 50, 51, 52, 53, 56, 57, 59, 61, 62, 64, 65, 66, 67], "excluded_lines": [], "executed_branches": [], "missing_branches": [[46, 47], [46, 61], [51, 52], [51, 56], [56, 57], [56, 59], [64, -44], [64, 65]]}, "DSETree.get_all_segments": {"executed_lines": [], "summary": {"covered_lines": 0, "num_statements": 4, "percent_covered": 0.0, "percent_covered_display": "0", "missing_lines": 4, "excluded_lines": 0, "num_branches": 0, "num_partial_branches": 0, "covered_branches": 0, "missing_branches": 0}, "missing_lines": [71, 73, 78, 79], "excluded_lines": [], "executed_branches": [], "missing_branches": []}, "DSETree.get_all_segments.collect_segments": {"executed_lines": [], "summary": {"covered_lines": 0, "num_statements": 3, "percent_covered": 0.0, "percent_covered_display": "0", "missing_lines": 3, "excluded_lines": 0, "num_branches": 2, "num_partial_branches": 0, "covered_branches": 0, "missing_branches": 2}, "missing_lines": [74, 75, 76], "excluded_lines": [], "executed_branches": [], "missing_branches": [[75, -73], [75, 76]]}, "DSETree.get_execution_order": {"executed_lines": [], "summary": {"covered_lines": 0, "num_statements": 9, "percent_covered": 0.0, "percent_covered_display": "0", "missing_lines": 9, "excluded_lines": 0, "num_branches": 4, "num_partial_branches": 0, "covered_branches": 0, "missing_branches": 4}, "missing_lines": [87, 88, 90, 92, 94, 95, 96, 97, 99], "excluded_lines": [], "executed_branches": [], "missing_branches": [[87, 88], [87, 90], [94, 95], [94, 99]]}, "DSETree.get_statistics": {"executed_lines": [], "summary": {"covered_lines": 0, "num_statements": 6, "percent_covered": 0.0, "percent_covered_display": "0", "missing_lines": 6, "excluded_lines": 0, "num_branches": 0, "num_partial_branches": 0, "covered_branches": 0, "missing_branches": 0}, "missing_lines": [103, 111, 124, 127, 128, 134], "excluded_lines": [], "executed_branches": [], "missing_branches": []}, "DSETree.get_statistics.traverse": {"executed_lines": [], "summary": {"covered_lines": 0, "num_statements": 8, "percent_covered": 0.0, "percent_covered_display": "0", "missing_lines": 8, "excluded_lines": 0, "num_branches": 4, "num_partial_branches": 0, "covered_branches": 0, "missing_branches": 4}, "missing_lines": [112, 113, 114, 116, 118, 119, 121, 122], "excluded_lines": [], "executed_branches": [], "missing_branches": [[116, 118], [116, 121], [121, -111], [121, 122]]}, "": {"executed_lines": [4, 8, 9, 10, 11, 14, 15, 24, 27, 44, 69, 81, 101], "summary": {"covered_lines": 11, "num_statements": 11, "percent_covered": 100.0, "percent_covered_display": "100", "missing_lines": 0, "excluded_lines": 0, "num_branches": 0, "num_partial_branches": 0, "covered_branches": 0, "missing_branches": 0}, "missing_lines": [], "excluded_lines": [], "executed_branches": [], "missing_branches": []}}, "classes": {"DSETree": {"executed_lines": [], "summary": {"covered_lines": 0, "num_statements": 49, "percent_covered": 0.0, "percent_covered_display": "0", "missing_lines": 49, "excluded_lines": 0, "num_branches": 18, "num_partial_branches": 0, "covered_branches": 0, "missing_branches": 18}, "missing_lines": [25, 40, 41, 42, 46, 47, 50, 51, 52, 53, 56, 57, 59, 61, 62, 64, 65, 66, 67, 71, 73, 74, 75, 76, 78, 79, 87, 88, 90, 92, 94, 95, 96, 97, 99, 103, 111, 112, 113, 114, 116, 118, 119, 121, 122, 124, 127, 128, 134], "excluded_lines": [], "executed_branches": [], "missing_branches": [[46, 47], [46, 61], [51, 52], [51, 56], [56, 57], [56, 59], [64, -44], [64, 65], [75, -73], [75, 76], [87, 88], [87, 90], [94, 95], [94, 99], [116, 118], [116, 121], [121, -111], [121, 122]]}, "": {"executed_lines": [4, 8, 9, 10, 11, 14, 15, 24, 27, 44, 69, 81, 101], "summary": {"covered_lines": 11, "num_statements": 11, "percent_covered": 100.0, "percent_covered_display": "100", "missing_lines": 0, "excluded_lines": 0, "num_branches": 0, "num_partial_branches": 0, "covered_branches": 0, "missing_branches": 0}, "missing_lines": [], "excluded_lines": [], "executed_branches": [], "missing_branches": []}}}, "/home/tafk/dev/brainsmith-1/brainsmith/dse/types.py": {"executed_lines": [4, 6, 7, 8, 9, 10, 12, 16, 19, 20, 29, 30, 31, 32, 33, 36, 37, 44, 45, 46, 48, 56, 67, 68, 98, 99, 100, 111, 112, 113, 114, 115, 116, 117, 120, 121, 122, 130, 131, 132, 133, 135, 163, 191, 192, 193], "summary": {"covered_lines": 40, "num_statements": 65, "percent_covered": 48.19277108433735, "percent_covered_display": "48", "missing_lines": 25, "excluded_lines": 3, "num_branches": 18, "num_partial_branches": 0, "covered_branches": 0, "missing_branches": 18}, "missing_lines": [50, 58, 86, 87, 88, 91, 92, 141, 143, 144, 145, 146, 147, 149, 150, 151, 152, 153, 155, 172, 173, 175, 176, 184, 185], "excluded_lines": [12, 13, 14], "executed_branches": [], "missing_branches": [[86, 87], [86, 91], [87, 86], [87, 88], [143, 144], [143, 155], [145, 146], [145, 150], [146, 147], [146, 149], [150, 151], [150, 152], [152, 143], [152, 153], [175, 176], [175, 184], [184, -163], [184, 185]], "functions": {"OutputType.to_finn_products": {"executed_lines": [], "summary": {"covered_lines": 0, "num_statements": 1, "percent_covered": 0.0, "percent_covered_display": "0", "missing_lines": 1, "excluded_lines": 0, "num_branches": 0, "num_partial_branches": 0, "covered_branches": 0, "missing_branches": 0}, "missing_lines": [50], "excluded_lines": [], "executed_branches": [], "missing_branches": []}, "OutputType.to_finn_outputs": {"executed_lines": [], "summary": {"covered_lines": 0, "num_statements": 1, "percent_covered": 0.0, "percent_covered_display": "0", "missing_lines": 1, "excluded_lines": 0, "num_branches": 0, "num_partial_branches": 0, "covered_branches": 0, "missing_branches": 0}, "missing_lines": [58], "excluded_lines": [], "executed_branches": [], "missing_branches": []}, "OutputType.from_finn_product": {"executed_lines": [], "summary": {"covered_lines": 0, "num_statements": 5, "percent_covered": 0.0, "percent_covered_display": "0", "missing_lines": 5, "excluded_lines": 0, "num_branches": 4, "num_partial_branches": 0, "covered_branches": 0, "missing_branches": 4}, "missing_lines": [86, 87, 88, 91, 92], "excluded_lines": [], "executed_branches": [], "missing_branches": [[86, 87], [86, 91], [87, 86], [87, 88]]}, "TreeExecutionResult.compute_stats": {"executed_lines": [], "summary": {"covered_lines": 0, "num_statements": 12, "percent_covered": 0.0, "percent_covered_display": "0", "missing_lines": 12, "excluded_lines": 0, "num_branches": 10, "num_partial_branches": 0, "covered_branches": 0, "missing_branches": 10}, "missing_lines": [141, 143, 144, 145, 146, 147, 149, 150, 151, 152, 153, 155], "excluded_lines": [], "executed_branches": [], "missing_branches": [[143, 144], [143, 155], [145, 146], [145, 150], [146, 147], [146, 149], [150, 151], [150, 152], [152, 143], [152, 153]]}, "TreeExecutionResult.validate_success": {"executed_lines": [], "summary": {"covered_lines": 0, "num_statements": 6, "percent_covered": 0.0, "percent_covered_display": "0", "missing_lines": 6, "excluded_lines": 0, "num_branches": 4, "num_partial_branches": 0, "covered_branches": 0, "missing_branches": 4}, "missing_lines": [172, 173, 175, 176, 184, 185], "excluded_lines": [], "executed_branches": [], "missing_branches": [[175, 176], [175, 184], [184, -163], [184, 185]]}, "": {"executed_lines": [4, 6, 7, 8, 9, 10, 12, 16, 19, 20, 29, 30, 31, 32, 33, 36, 37, 44, 45, 46, 48, 56, 67, 68, 98, 99, 100, 111, 112, 113, 114, 115, 116, 117, 120, 121, 122, 130, 131, 132, 133, 135, 163, 191, 192, 193], "summary": {"covered_lines": 40, "num_statements": 40, "percent_covered": 100.0, "percent_covered_display": "100", "missing_lines": 0, "excluded_lines": 3, "num_branches": 0, "num_partial_branches": 0, "covered_branches": 0, "missing_branches": 0}, "missing_lines": [], "excluded_lines": [12, 13, 14], "executed_branches": [], "missing_branches": []}}, "classes": {"SegmentStatus": {"executed_lines": [], "summary": {"covered_lines": 0, "num_statements": 0, "percent_covered": 100.0, "percent_covered_display": "100", "missing_lines": 0, "excluded_lines": 0, "num_branches": 0, "num_partial_branches": 0, "covered_branches": 0, "missing_branches": 0}, "missing_lines": [], "excluded_lines": [], "executed_branches": [], "missing_branches": []}, "OutputType": {"executed_lines": [], "summary": {"covered_lines": 0, "num_statements": 7, "percent_covered": 0.0, "percent_covered_display": "0", "missing_lines": 7, "excluded_lines": 0, "num_branches": 4, "num_partial_branches": 0, "covered_branches": 0, "missing_branches": 4}, "missing_lines": [50, 58, 86, 87, 88, 91, 92], "excluded_lines": [], "executed_branches": [], "missing_branches": [[86, 87], [86, 91], [87, 86], [87, 88]]}, "SegmentResult": {"executed_lines": [], "summary": {"covered_lines": 0, "num_statements": 0, "percent_covered": 100.0, "percent_covered_display": "100", "missing_lines": 0, "excluded_lines": 0, "num_branches": 0, "num_partial_branches": 0, "covered_branches": 0, "missing_branches": 0}, "missing_lines": [], "excluded_lines": [], "executed_branches": [], "missing_branches": []}, "TreeExecutionResult": {"executed_lines": [], "summary": {"covered_lines": 0, "num_statements": 18, "percent_covered": 0.0, "percent_covered_display": "0", "missing_lines": 18, "excluded_lines": 0, "num_branches": 14, "num_partial_branches": 0, "covered_branches": 0, "missing_branches": 14}, "missing_lines": [141, 143, 144, 145, 146, 147, 149, 150, 151, 152, 153, 155, 172, 173, 175, 176, 184, 185], "excluded_lines": [], "executed_branches": [], "missing_branches": [[143, 144], [143, 155], [145, 146], [145, 150], [146, 147], [146, 149], [150, 151], [150, 152], [152, 143], [152, 153], [175, 176], [175, 184], [184, -163], [184, 185]]}, "ExecutionError": {"executed_lines": [], "summary": {"covered_lines": 0, "num_statements": 0, "percent_covered": 100.0, "percent_covered_display": "100", "missing_lines": 0, "excluded_lines": 0, "num_branches": 0, "num_partial_branches": 0, "covered_branches": 0, "missing_branches": 0}, "missing_lines": [], "excluded_lines": [], "executed_branches": [], "missing_branches": []}, "": {"executed_lines": [4, 6, 7, 8, 9, 10, 12, 16, 19, 20, 29, 30, 31, 32, 33, 36, 37, 44, 45, 46, 48, 56, 67, 68, 98, 99, 100, 111, 112, 113, 114, 115, 116, 117, 120, 121, 122, 130, 131, 132, 133, 135, 163, 191, 192, 193], "summary": {"covered_lines": 40, "num_statements": 40, "percent_covered": 100.0, "percent_covered_display": "100", "missing_lines": 0, "excluded_lines": 3, "num_branches": 0, "num_partial_branches": 0, "covered_branches": 0, "missing_branches": 0}, "missing_lines": [], "excluded_lines": [12, 13, 14], "executed_branches": [], "missing_branches": []}}}}, "totals": {"covered_lines": 229, "num_statements": 823, "percent_covered": 20.875113947128533, "percent_covered_display": "21", "missing_lines": 594, "excluded_lines": 3, "num_branches": 274, "num_partial_branches": 0, "covered_branches": 0, "missing_branches": 274}}