{"meta": {"format": 3, "version": "7.10.7", "timestamp": "2025-11-02T13:03:40.740936", "branch_coverage": true, "show_contexts": false}, "files": {"/home/tafk/dev/brainsmith-1/brainsmith/dse/__init__.py": {"executed_lines": [4, 19, 20, 21, 22, 23, 24, 25, 28, 37], "summary": {"covered_lines": 9, "num_statements": 9, "percent_covered": 100.0, "percent_covered_display": "100", "missing_lines": 0, "excluded_lines": 0, "num_branches": 0, "num_partial_branches": 0, "covered_branches": 0, "missing_branches": 0}, "missing_lines": [], "excluded_lines": [], "executed_branches": [], "missing_branches": [], "functions": {"": {"executed_lines": [4, 19, 20, 21, 22, 23, 24, 25, 28, 37], "summary": {"covered_lines": 9, "num_statements": 9, "percent_covered": 100.0, "percent_covered_display": "100", "missing_lines": 0, "excluded_lines": 0, "num_branches": 0, "num_partial_branches": 0, "covered_branches": 0, "missing_branches": 0}, "missing_lines": [], "excluded_lines": [], "executed_branches": [], "missing_branches": []}}, "classes": {"": {"executed_lines": [4, 19, 20, 21, 22, 23, 24, 25, 28, 37], "summary": {"covered_lines": 9, "num_statements": 9, "percent_covered": 100.0, "percent_covered_display": "100", "missing_lines": 0, "excluded_lines": 0, "num_branches": 0, "num_partial_branches": 0, "covered_branches": 0, "missing_branches": 0}, "missing_lines": [], "excluded_lines": [], "executed_branches": [], "missing_branches": []}}}, "/home/tafk/dev/brainsmith-1/brainsmith/dse/_builder.py": {"executed_lines": [4, 11, 13, 14, 15, 16, 17, 18, 21, 22, 24, 66, 83, 104, 114, 131], "summary": {"covered_lines": 14, "num_statements": 50, "percent_covered": 21.21212121212121, "percent_covered_display": "21", "missing_lines": 36, "excluded_lines": 0, "num_branches": 16, "num_partial_branches": 0, "covered_branches": 0, "missing_branches": 16}, "missing_lines": [39, 44, 45, 47, 48, 50, 51, 52, 55, 58, 61, 62, 64, 76, 77, 81, 92, 100, 102, 111, 112, 117, 119, 120, 121, 122, 123, 125, 126, 127, 129, 132, 133, 135, 136, 137], "excluded_lines": [], "executed_branches": [], "missing_branches": [[47, 48], [47, 58], [48, 50], [48, 55], [76, 77], [76, 81], [111, -104], [111, 112], [119, 120], [119, 129], [120, 119], [120, 121], [121, 122], [121, 125], [136, -131], [136, 137]], "functions": {"DSETreeBuilder.build_tree": {"executed_lines": [], "summary": {"covered_lines": 0, "num_statements": 13, "percent_covered": 0.0, "percent_covered_display": "0", "missing_lines": 13, "excluded_lines": 0, "num_branches": 4, "num_partial_branches": 0, "covered_branches": 0, "missing_branches": 4}, "missing_lines": [39, 44, 45, 47, 48, 50, 51, 52, 55, 58, 61, 62, 64], "excluded_lines": [], "executed_branches": [], "missing_branches": [[47, 48], [47, 58], [48, 50], [48, 55]]}, "DSETreeBuilder._create_step_dict": {"executed_lines": [], "summary": {"covered_lines": 0, "num_statements": 3, "percent_covered": 0.0, "percent_covered_display": "0", "missing_lines": 3, "excluded_lines": 0, "num_branches": 2, "num_partial_branches": 0, "covered_branches": 0, "missing_branches": 2}, "missing_lines": [76, 77, 81], "excluded_lines": [], "executed_branches": [], "missing_branches": [[76, 77], [76, 81]]}, "DSETreeBuilder._extract_finn_config": {"executed_lines": [], "summary": {"covered_lines": 0, "num_statements": 3, "percent_covered": 0.0, "percent_covered_display": "0", "missing_lines": 3, "excluded_lines": 0, "num_branches": 0, "num_partial_branches": 0, "covered_branches": 0, "missing_branches": 0}, "missing_lines": [92, 100, 102], "excluded_lines": [], "executed_branches": [], "missing_branches": []}, "DSETreeBuilder._append_steps_to_segments": {"executed_lines": [], "summary": {"covered_lines": 0, "num_statements": 2, "percent_covered": 0.0, "percent_covered_display": "0", "missing_lines": 2, "excluded_lines": 0, "num_branches": 2, "num_partial_branches": 0, "covered_branches": 0, "missing_branches": 2}, "missing_lines": [111, 112], "excluded_lines": [], "executed_branches": [], "missing_branches": [[111, -104], [111, 112]]}, "DSETreeBuilder._create_branches": {"executed_lines": [], "summary": {"covered_lines": 0, "num_statements": 10, "percent_covered": 0.0, "percent_covered_display": "0", "missing_lines": 10, "excluded_lines": 0, "num_branches": 6, "num_partial_branches": 0, "covered_branches": 0, "missing_branches": 6}, "missing_lines": [117, 119, 120, 121, 122, 123, 125, 126, 127, 129], "excluded_lines": [], "executed_branches": [], "missing_branches": [[119, 120], [119, 129], [120, 119], [120, 121], [121, 122], [121, 125]]}, "DSETreeBuilder._validate_tree_size": {"executed_lines": [], "summary": {"covered_lines": 0, "num_statements": 4, "percent_covered": 0.0, "percent_covered_display": "0", "missing_lines": 4, "excluded_lines": 0, "num_branches": 2, "num_partial_branches": 0, "covered_branches": 0, "missing_branches": 2}, "missing_lines": [132, 135, 136, 137], "excluded_lines": [], "executed_branches": [], "missing_branches": [[136, -131], [136, 137]]}, "DSETreeBuilder._validate_tree_size.count_leaves": {"executed_lines": [], "summary": {"covered_lines": 0, "num_statements": 1, "percent_covered": 0.0, "percent_covered_display": "0", "missing_lines": 1, "excluded_lines": 0, "num_branches": 0, "num_partial_branches": 0, "covered_branches": 0, "missing_branches": 0}, "missing_lines": [133], "excluded_lines": [], "executed_branches": [], "missing_branches": []}, "": {"executed_lines": [4, 11, 13, 14, 15, 16, 17, 18, 21, 22, 24, 66, 83, 104, 114, 131], "summary": {"covered_lines": 14, "num_statements": 14, "percent_covered": 100.0, "percent_covered_display": "100", "missing_lines": 0, "excluded_lines": 0, "num_branches": 0, "num_partial_branches": 0, "covered_branches": 0, "missing_branches": 0}, "missing_lines": [], "excluded_lines": [], "executed_branches": [], "missing_branches": []}}, "classes": {"DSETreeBuilder": {"executed_lines": [], "summary": {"covered_lines": 0, "num_statements": 36, "percent_covered": 0.0, "percent_covered_display": "0", "missing_lines": 36, "excluded_lines": 0, "num_branches": 16, "num_partial_branches": 0, "covered_branches": 0, "missing_branches": 16}, "missing_lines": [39, 44, 45, 47, 48, 50, 51, 52, 55, 58, 61, 62, 64, 76, 77, 81, 92, 100, 102, 111, 112, 117, 119, 120, 121, 122, 123, 125, 126, 127, 129, 132, 133, 135, 136, 137], "excluded_lines": [], "executed_branches": [], "missing_branches": [[47, 48], [47, 58], [48, 50], [48, 55], [76, 77], [76, 81], [111, -104], [111, 112], [119, 120], [119, 129], [120, 119], [120, 121], [121, 122], [121, 125], [136, -131], [136, 137]]}, "": {"executed_lines": [4, 11, 13, 14, 15, 16, 17, 18, 21, 22, 24, 66, 83, 104, 114, 131], "summary": {"covered_lines": 14, "num_statements": 14, "percent_covered": 100.0, "percent_covered_display": "100", "missing_lines": 0, "excluded_lines": 0, "num_branches": 0, "num_partial_branches": 0, "covered_branches": 0, "missing_branches": 0}, "missing_lines": [], "excluded_lines": [], "executed_branches": [], "missing_branches": []}}}, "/home/tafk/dev/brainsmith-1/brainsmith/dse/_constants.py": {"executed_lines": [4, 6], "summary": {"covered_lines": 1, "num_statements": 1, "percent_covered": 100.0, "percent_covered_display": "100", "missing_lines": 0, "excluded_lines": 0, "num_branches": 0, "num_partial_branches": 0, "covered_branches": 0, "missing_branches": 0}, "missing_lines": [], "excluded_lines": [], "executed_branches": [], "missing_branches": [], "functions": {"": {"executed_lines": [4, 6], "summary": {"covered_lines": 1, "num_statements": 1, "percent_covered": 100.0, "percent_covered_display": "100", "missing_lines": 0, "excluded_lines": 0, "num_branches": 0, "num_partial_branches": 0, "covered_branches": 0, "missing_branches": 0}, "missing_lines": [], "excluded_lines": [], "executed_branches": [], "missing_branches": []}}, "classes": {"": {"executed_lines": [4, 6], "summary": {"covered_lines": 1, "num_statements": 1, "percent_covered": 100.0, "percent_covered_display": "100", "missing_lines": 0, "excluded_lines": 0, "num_branches": 0, "num_partial_branches": 0, "covered_branches": 0, "missing_branches": 0}, "missing_lines": [], "excluded_lines": [], "executed_branches": [], "missing_branches": []}}}, "/home/tafk/dev/brainsmith-1/brainsmith/dse/_parser/__init__.py": {"executed_lines": [4, 11, 12, 13, 15, 16, 18, 19, 20, 22, 25, 76], "summary": {"covered_lines": 11, "num_statements": 23, "percent_covered": 44.0, "percent_covered_display": "44", "missing_lines": 12, "excluded_lines": 0, "num_branches": 2, "num_partial_branches": 0, "covered_branches": 0, "missing_branches": 2}, "missing_lines": [43, 45, 48, 50, 51, 54, 58, 59, 62, 65, 67, 73], "excluded_lines": [], "executed_branches": [], "missing_branches": [[48, 50], [48, 54]], "functions": {"parse_blueprint": {"executed_lines": [], "summary": {"covered_lines": 0, "num_statements": 12, "percent_covered": 0.0, "percent_covered_display": "0", "missing_lines": 12, "excluded_lines": 0, "num_branches": 2, "num_partial_branches": 0, "covered_branches": 0, "missing_branches": 2}, "missing_lines": [43, 45, 48, 50, 51, 54, 58, 59, 62, 65, 67, 73], "excluded_lines": [], "executed_branches": [], "missing_branches": [[48, 50], [48, 54]]}, "": {"executed_lines": [4, 11, 12, 13, 15, 16, 18, 19, 20, 22, 25, 76], "summary": {"covered_lines": 11, "num_statements": 11, "percent_covered": 100.0, "percent_covered_display": "100", "missing_lines": 0, "excluded_lines": 0, "num_branches": 0, "num_partial_branches": 0, "covered_branches": 0, "missing_branches": 0}, "missing_lines": [], "excluded_lines": [], "executed_branches": [], "missing_branches": []}}, "classes": {"": {"executed_lines": [4, 11, 12, 13, 15, 16, 18, 19, 20, 22, 25, 76], "summary": {"covered_lines": 11, "num_statements": 23, "percent_covered": 44.0, "percent_covered_display": "44", "missing_lines": 12, "excluded_lines": 0, "num_branches": 2, "num_partial_branches": 0, "covered_branches": 0, "missing_branches": 2}, "missing_lines": [43, 45, 48, 50, 51, 54, 58, 59, 62, 65, 67, 73], "excluded_lines": [], "executed_branches": [], "missing_branches": [[48, 50], [48, 54]]}}}, "/home/tafk/dev/brainsmith-1/brainsmith/dse/_parser/kernels.py": {"executed_lines": [4, 10, 12, 15, 89, 117, 162, 221], "summary": {"covered_lines": 7, "num_statements": 68, "percent_covered": 7.0, "percent_covered_display": "7", "missing_lines": 61, "excluded_lines": 0, "num_branches": 32, "num_partial_branches": 0, "covered_branches": 0, "missing_branches": 32}, "missing_lines": [53, 55, 57, 59, 60, 61, 63, 64, 68, 69, 71, 78, 79, 84, 86, 101, 103, 104, 107, 108, 109, 110, 114, 135, 136, 142, 143, 148, 149, 150, 151, 156, 157, 159, 180, 181, 182, 183, 184, 189, 193, 194, 196, 197, 198, 199, 201, 202, 203, 208, 209, 210, 211, 216, 218, 234, 237, 238, 240, 243, 244], "excluded_lines": [], "executed_branches": [], "missing_branches": [[55, 57], [55, 86], [57, 59], [57, 61], [61, 63], [61, 71], [63, 64], [63, 68], [78, 79], [78, 84], [103, 104], [103, 107], [135, 136], [135, 142], [142, 143], [142, 148], [149, 150], [149, 159], [150, 151], [150, 156], [180, 181], [180, 189], [194, 196], [194, 201], [197, 194], [197, 198], [201, 202], [201, 208], [237, 238], [237, 240], [243, -221], [243, 244]], "functions": {"parse_kernels": {"executed_lines": [], "summary": {"covered_lines": 0, "num_statements": 15, "percent_covered": 0.0, "percent_covered_display": "0", "missing_lines": 15, "excluded_lines": 0, "num_branches": 10, "num_partial_branches": 0, "covered_branches": 0, "missing_branches": 10}, "missing_lines": [53, 55, 57, 59, 60, 61, 63, 64, 68, 69, 71, 78, 79, 84, 86], "excluded_lines": [], "executed_branches": [], "missing_branches": [[55, 57], [55, 86], [57, 59], [57, 61], [61, 63], [61, 71], [63, 64], [63, 68], [78, 79], [78, 84]]}, "_resolve_all_backends": {"executed_lines": [], "summary": {"covered_lines": 0, "num_statements": 8, "percent_covered": 0.0, "percent_covered_display": "0", "missing_lines": 8, "excluded_lines": 0, "num_branches": 2, "num_partial_branches": 0, "covered_branches": 0, "missing_branches": 2}, "missing_lines": [101, 103, 104, 107, 108, 109, 110, 114], "excluded_lines": [], "executed_branches": [], "missing_branches": [[103, 104], [103, 107]]}, "_resolve_specified_backends": {"executed_lines": [], "summary": {"covered_lines": 0, "num_statements": 11, "percent_covered": 0.0, "percent_covered_display": "0", "missing_lines": 11, "excluded_lines": 0, "num_branches": 8, "num_partial_branches": 0, "covered_branches": 0, "missing_branches": 8}, "missing_lines": [135, 136, 142, 143, 148, 149, 150, 151, 156, 157, 159], "excluded_lines": [], "executed_branches": [], "missing_branches": [[135, 136], [135, 142], [142, 143], [142, 148], [149, 150], [149, 159], [150, 151], [150, 156]]}, "_resolve_backend_name": {"executed_lines": [], "summary": {"covered_lines": 0, "num_statements": 21, "percent_covered": 0.0, "percent_covered_display": "0", "missing_lines": 21, "excluded_lines": 0, "num_branches": 8, "num_partial_branches": 0, "covered_branches": 0, "missing_branches": 8}, "missing_lines": [180, 181, 182, 183, 184, 189, 193, 194, 196, 197, 198, 199, 201, 202, 203, 208, 209, 210, 211, 216, 218], "excluded_lines": [], "executed_branches": [], "missing_branches": [[180, 181], [180, 189], [194, 196], [194, 201], [197, 194], [197, 198], [201, 202], [201, 208]]}, "_validate_backend_kernel_match": {"executed_lines": [], "summary": {"covered_lines": 0, "num_statements": 6, "percent_covered": 0.0, "percent_covered_display": "0", "missing_lines": 6, "excluded_lines": 0, "num_branches": 4, "num_partial_branches": 0, "covered_branches": 0, "missing_branches": 4}, "missing_lines": [234, 237, 238, 240, 243, 244], "excluded_lines": [], "executed_branches": [], "missing_branches": [[237, 238], [237, 240], [243, -221], [243, 244]]}, "": {"executed_lines": [4, 10, 12, 15, 89, 117, 162, 221], "summary": {"covered_lines": 7, "num_statements": 7, "percent_covered": 100.0, "percent_covered_display": "100", "missing_lines": 0, "excluded_lines": 0, "num_branches": 0, "num_partial_branches": 0, "covered_branches": 0, "missing_branches": 0}, "missing_lines": [], "excluded_lines": [], "executed_branches": [], "missing_branches": []}}, "classes": {"": {"executed_lines": [4, 10, 12, 15, 89, 117, 162, 221], "summary": {"covered_lines": 7, "num_statements": 68, "percent_covered": 7.0, "percent_covered_display": "7", "missing_lines": 61, "excluded_lines": 0, "num_branches": 32, "num_partial_branches": 0, "covered_branches": 0, "missing_branches": 32}, "missing_lines": [53, 55, 57, 59, 60, 61, 63, 64, 68, 69, 71, 78, 79, 84, 86, 101, 103, 104, 107, 108, 109, 110, 114, 135, 136, 142, 143, 148, 149, 150, 151, 156, 157, 159, 180, 181, 182, 183, 184, 189, 193, 194, 196, 197, 198, 199, 201, 202, 203, 208, 209, 210, 211, 216, 218, 234, 237, 238, 240, 243, 244], "excluded_lines": [], "executed_branches": [], "missing_branches": [[55, 57], [55, 86], [57, 59], [57, 61], [61, 63], [61, 71], [63, 64], [63, 68], [78, 79], [78, 84], [103, 104], [103, 107], [135, 136], [135, 142], [142, 143], [142, 148], [149, 150], [149, 159], [150, 151], [150, 156], [180, 181], [180, 189], [194, 196], [194, 201], [197, 194], [197, 198], [201, 202], [201, 208], [237, 238], [237, 240], [243, -221], [243, 244]]}}}, "/home/tafk/dev/brainsmith-1/brainsmith/dse/_parser/loader.py": {"executed_lines": [4, 10, 11, 12, 13, 14, 16, 19, 56, 92], "summary": {"covered_lines": 9, "num_statements": 44, "percent_covered": 15.0, "percent_covered_display": "15", "missing_lines": 35, "excluded_lines": 0, "num_branches": 16, "num_partial_branches": 0, "covered_branches": 0, "missing_branches": 16}, "missing_lines": [39, 40, 41, 42, 44, 45, 48, 49, 53, 66, 67, 69, 70, 72, 73, 75, 77, 78, 80, 82, 83, 85, 87, 89, 105, 114, 116, 119, 120, 122, 125, 126, 129, 132, 134], "excluded_lines": [], "executed_branches": [], "missing_branches": [[39, 40], [39, 44], [44, 45], [44, 48], [48, 49], [48, 53], [69, 70], [69, 89], [72, 73], [72, 75], [77, 78], [77, 80], [119, 120], [119, 129], [125, 126], [125, 129]], "functions": {"_expand_env_vars_with_context": {"executed_lines": [], "summary": {"covered_lines": 0, "num_statements": 9, "percent_covered": 0.0, "percent_covered_display": "0", "missing_lines": 9, "excluded_lines": 0, "num_branches": 6, "num_partial_branches": 0, "covered_branches": 0, "missing_branches": 6}, "missing_lines": [39, 40, 41, 42, 44, 45, 48, 49, 53], "excluded_lines": [], "executed_branches": [], "missing_branches": [[39, 40], [39, 44], [44, 45], [44, 48], [48, 49], [48, 53]]}, "_load_with_inheritance": {"executed_lines": [], "summary": {"covered_lines": 0, "num_statements": 15, "percent_covered": 0.0, "percent_covered_display": "0", "missing_lines": 15, "excluded_lines": 0, "num_branches": 6, "num_partial_branches": 0, "covered_branches": 0, "missing_branches": 6}, "missing_lines": [66, 67, 69, 70, 72, 73, 75, 77, 78, 80, 82, 83, 85, 87, 89], "excluded_lines": [], "executed_branches": [], "missing_branches": [[69, 70], [69, 89], [72, 73], [72, 75], [77, 78], [77, 80]]}, "load_blueprint_with_inheritance": {"executed_lines": [], "summary": {"covered_lines": 0, "num_statements": 11, "percent_covered": 0.0, "percent_covered_display": "0", "missing_lines": 11, "excluded_lines": 0, "num_branches": 4, "num_partial_branches": 0, "covered_branches": 0, "missing_branches": 4}, "missing_lines": [105, 114, 116, 119, 120, 122, 125, 126, 129, 132, 134], "excluded_lines": [], "executed_branches": [], "missing_branches": [[119, 120], [119, 129], [125, 126], [125, 129]]}, "": {"executed_lines": [4, 10, 11, 12, 13, 14, 16, 19, 56, 92], "summary": {"covered_lines": 9, "num_statements": 9, "percent_covered": 100.0, "percent_covered_display": "100", "missing_lines": 0, "excluded_lines": 0, "num_branches": 0, "num_partial_branches": 0, "covered_branches": 0, "missing_branches": 0}, "missing_lines": [], "excluded_lines": [], "executed_branches": [], "missing_branches": []}}, "classes": {"": {"executed_lines": [4, 10, 11, 12, 13, 14, 16, 19, 56, 92], "summary": {"covered_lines": 9, "num_statements": 44, "percent_covered": 15.0, "percent_covered_display": "15", "missing_lines": 35, "excluded_lines": 0, "num_branches": 16, "num_partial_branches": 0, "covered_branches": 0, "missing_branches": 16}, "missing_lines": [39, 40, 41, 42, 44, 45, 48, 49, 53, 66, 67, 69, 70, 72, 73, 75, 77, 78, 80, 82, 83, 85, 87, 89, 105, 114, 116, 119, 120, 122, 125, 126, 129, 132, 134], "excluded_lines": [], "executed_branches": [], "missing_branches": [[39, 40], [39, 44], [44, 45], [44, 48], [48, 49], [48, 53], [69, 70], [69, 89], [72, 73], [72, 75], [77, 78], [77, 80], [119, 120], [119, 129], [125, 126], [125, 129]]}}}, "/home/tafk/dev/brainsmith-1/brainsmith/dse/_parser/steps.py": {"executed_lines": [4, 11, 13, 14, 16, 17, 20, 23, 26, 27, 28, 29, 30, 31, 32, 34, 35, 52, 95, 123, 131, 136, 147, 157, 167, 175, 182, 203, 214, 238, 268, 289, 306], "summary": {"covered_lines": 31, "num_statements": 139, "percent_covered": 14.285714285714286, "percent_covered_display": "14", "missing_lines": 108, "excluded_lines": 0, "num_branches": 78, "num_partial_branches": 0, "covered_branches": 0, "missing_branches": 78}, "missing_lines": [37, 38, 39, 40, 41, 42, 43, 44, 45, 46, 47, 48, 49, 66, 67, 68, 69, 70, 71, 72, 74, 77, 79, 80, 82, 85, 88, 89, 92, 99, 100, 101, 104, 105, 108, 117, 118, 119, 120, 125, 126, 127, 128, 133, 138, 139, 140, 141, 143, 144, 149, 150, 151, 152, 153, 154, 159, 160, 161, 162, 163, 164, 169, 170, 171, 172, 177, 178, 179, 189, 191, 192, 194, 197, 200, 205, 206, 207, 208, 209, 210, 211, 228, 229, 230, 231, 232, 233, 235, 257, 260, 263, 265, 277, 278, 279, 283, 284, 298, 300, 301, 302, 303, 320, 321, 322, 323, 324], "excluded_lines": [], "executed_branches": [], "missing_branches": [[37, 38], [37, 39], [39, 40], [39, 41], [41, 42], [41, 43], [43, 44], [43, 45], [45, 46], [45, 47], [47, 48], [47, 49], [68, 69], [68, 77], [69, 70], [69, 74], [71, 68], [71, 72], [77, 79], [77, 80], [80, 82], [80, 85], [88, 89], [88, 92], [100, 101], [100, 104], [118, 119], [118, 120], [125, -123], [125, 126], [126, -123], [126, 127], [127, 126], [127, 128], [139, 140], [139, 144], [140, 141], [140, 143], [150, 151], [150, 154], [152, 150], [152, 153], [160, 161], [160, 164], [161, 162], [161, 163], [189, 191], [189, 200], [191, -182], [191, 192], [192, 194], [192, 197], [205, 206], [205, 207], [207, 208], [207, 209], [209, 210], [209, 211], [228, 229], [228, 230], [230, 231], [230, 232], [232, 233], [232, 235], [277, -268], [277, 278], [278, 279], [278, 283], [283, 277], [283, 284], [300, 301], [300, 302], [302, -289], [302, 303], [320, 321], [320, 322], [322, 323], [322, 324]], "functions": {"StepOperation.from_dict": {"executed_lines": [], "summary": {"covered_lines": 0, "num_statements": 13, "percent_covered": 0.0, "percent_covered_display": "0", "missing_lines": 13, "excluded_lines": 0, "num_branches": 12, "num_partial_branches": 0, "covered_branches": 0, "missing_branches": 12}, "missing_lines": [37, 38, 39, 40, 41, 42, 43, 44, 45, 46, 47, 48, 49], "excluded_lines": [], "executed_branches": [], "missing_branches": [[37, 38], [37, 39], [39, 40], [39, 41], [41, 42], [41, 43], [43, 44], [43, 45], [45, 46], [45, 47], [47, 48], [47, 49]]}, "parse_steps": {"executed_lines": [], "summary": {"covered_lines": 0, "num_statements": 16, "percent_covered": 0.0, "percent_covered_display": "0", "missing_lines": 16, "excluded_lines": 0, "num_branches": 12, "num_partial_branches": 0, "covered_branches": 0, "missing_branches": 12}, "missing_lines": [66, 67, 68, 69, 70, 71, 72, 74, 77, 79, 80, 82, 85, 88, 89, 92], "excluded_lines": [], "executed_branches": [], "missing_branches": [[68, 69], [68, 77], [69, 70], [69, 74], [71, 68], [71, 72], [77, 79], [77, 80], [80, 82], [80, 85], [88, 89], [88, 92]]}, "_apply_step_operation": {"executed_lines": [], "summary": {"covered_lines": 0, "num_statements": 10, "percent_covered": 0.0, "percent_covered_display": "0", "missing_lines": 10, "excluded_lines": 0, "num_branches": 4, "num_partial_branches": 0, "covered_branches": 0, "missing_branches": 4}, "missing_lines": [99, 100, 101, 104, 105, 108, 117, 118, 119, 120], "excluded_lines": [], "executed_branches": [], "missing_branches": [[100, 101], [100, 104], [118, 119], [118, 120]]}, "_validate_nested_lists": {"executed_lines": [], "summary": {"covered_lines": 0, "num_statements": 4, "percent_covered": 0.0, "percent_covered_display": "0", "missing_lines": 4, "excluded_lines": 0, "num_branches": 6, "num_partial_branches": 0, "covered_branches": 0, "missing_branches": 6}, "missing_lines": [125, 126, 127, 128], "excluded_lines": [], "executed_branches": [], "missing_branches": [[125, -123], [125, 126], [126, -123], [126, 127], [127, 126], [127, 128]]}, "_apply_remove": {"executed_lines": [], "summary": {"covered_lines": 0, "num_statements": 1, "percent_covered": 0.0, "percent_covered_display": "0", "missing_lines": 1, "excluded_lines": 0, "num_branches": 0, "num_partial_branches": 0, "covered_branches": 0, "missing_branches": 0}, "missing_lines": [133], "excluded_lines": [], "executed_branches": [], "missing_branches": []}, "_apply_replace": {"executed_lines": [], "summary": {"covered_lines": 0, "num_statements": 6, "percent_covered": 0.0, "percent_covered_display": "0", "missing_lines": 6, "excluded_lines": 0, "num_branches": 4, "num_partial_branches": 0, "covered_branches": 0, "missing_branches": 4}, "missing_lines": [138, 139, 140, 141, 143, 144], "excluded_lines": [], "executed_branches": [], "missing_branches": [[139, 140], [139, 144], [140, 141], [140, 143]]}, "_apply_after": {"executed_lines": [], "summary": {"covered_lines": 0, "num_statements": 6, "percent_covered": 0.0, "percent_covered_display": "0", "missing_lines": 6, "excluded_lines": 0, "num_branches": 4, "num_partial_branches": 0, "covered_branches": 0, "missing_branches": 4}, "missing_lines": [149, 150, 151, 152, 153, 154], "excluded_lines": [], "executed_branches": [], "missing_branches": [[150, 151], [150, 154], [152, 150], [152, 153]]}, "_apply_before": {"executed_lines": [], "summary": {"covered_lines": 0, "num_statements": 6, "percent_covered": 0.0, "percent_covered_display": "0", "missing_lines": 6, "excluded_lines": 0, "num_branches": 4, "num_partial_branches": 0, "covered_branches": 0, "missing_branches": 4}, "missing_lines": [159, 160, 161, 162, 163, 164], "excluded_lines": [], "executed_branches": [], "missing_branches": [[160, 161], [160, 164], [161, 162], [161, 163]]}, "_apply_at_start": {"executed_lines": [], "summary": {"covered_lines": 0, "num_statements": 4, "percent_covered": 0.0, "percent_covered_display": "0", "missing_lines": 4, "excluded_lines": 0, "num_branches": 0, "num_partial_branches": 0, "covered_branches": 0, "missing_branches": 0}, "missing_lines": [169, 170, 171, 172], "excluded_lines": [], "executed_branches": [], "missing_branches": []}, "_apply_at_end": {"executed_lines": [], "summary": {"covered_lines": 0, "num_statements": 3, "percent_covered": 0.0, "percent_covered_display": "0", "missing_lines": 3, "excluded_lines": 0, "num_branches": 0, "num_partial_branches": 0, "covered_branches": 0, "missing_branches": 0}, "missing_lines": [177, 178, 179], "excluded_lines": [], "executed_branches": [], "missing_branches": []}, "_insert_steps": {"executed_lines": [], "summary": {"covered_lines": 0, "num_statements": 6, "percent_covered": 0.0, "percent_covered_display": "0", "missing_lines": 6, "excluded_lines": 0, "num_branches": 6, "num_partial_branches": 0, "covered_branches": 0, "missing_branches": 6}, "missing_lines": [189, 191, 192, 194, 197, 200], "excluded_lines": [], "executed_branches": [], "missing_branches": [[189, 191], [189, 200], [191, -182], [191, 192], [192, 194], [192, 197]]}, "_step_matches": {"executed_lines": [], "summary": {"covered_lines": 0, "num_statements": 7, "percent_covered": 0.0, "percent_covered_display": "0", "missing_lines": 7, "excluded_lines": 0, "num_branches": 6, "num_partial_branches": 0, "covered_branches": 0, "missing_branches": 6}, "missing_lines": [205, 206, 207, 208, 209, 210, 211], "excluded_lines": [], "executed_branches": [], "missing_branches": [[205, 206], [205, 207], [207, 208], [207, 209], [209, 210], [209, 211]]}, "_validate_spec": {"executed_lines": [], "summary": {"covered_lines": 0, "num_statements": 7, "percent_covered": 0.0, "percent_covered_display": "0", "missing_lines": 7, "excluded_lines": 0, "num_branches": 6, "num_partial_branches": 0, "covered_branches": 0, "missing_branches": 6}, "missing_lines": [228, 229, 230, 231, 232, 233, 235], "excluded_lines": [], "executed_branches": [], "missing_branches": [[228, 229], [228, 230], [230, 231], [230, 232], [232, 233], [232, 235]]}, "_validate_branch_point": {"executed_lines": [], "summary": {"covered_lines": 0, "num_statements": 4, "percent_covered": 0.0, "percent_covered_display": "0", "missing_lines": 4, "excluded_lines": 0, "num_branches": 0, "num_partial_branches": 0, "covered_branches": 0, "missing_branches": 0}, "missing_lines": [257, 260, 263, 265], "excluded_lines": [], "executed_branches": [], "missing_branches": []}, "_validate_branch_types": {"executed_lines": [], "summary": {"covered_lines": 0, "num_statements": 5, "percent_covered": 0.0, "percent_covered_display": "0", "missing_lines": 5, "excluded_lines": 0, "num_branches": 6, "num_partial_branches": 0, "covered_branches": 0, "missing_branches": 6}, "missing_lines": [277, 278, 279, 283, 284], "excluded_lines": [], "executed_branches": [], "missing_branches": [[277, -268], [277, 278], [278, 279], [278, 283], [283, 277], [283, 284]]}, "_validate_branch_constraints": {"executed_lines": [], "summary": {"covered_lines": 0, "num_statements": 5, "percent_covered": 0.0, "percent_covered_display": "0", "missing_lines": 5, "excluded_lines": 0, "num_branches": 4, "num_partial_branches": 0, "covered_branches": 0, "missing_branches": 4}, "missing_lines": [298, 300, 301, 302, 303], "excluded_lines": [], "executed_branches": [], "missing_branches": [[300, 301], [300, 302], [302, -289], [302, 303]]}, "_validate_step": {"executed_lines": [], "summary": {"covered_lines": 0, "num_statements": 5, "percent_covered": 0.0, "percent_covered_display": "0", "missing_lines": 5, "excluded_lines": 0, "num_branches": 4, "num_partial_branches": 0, "covered_branches": 0, "missing_branches": 4}, "missing_lines": [320, 321, 322, 323, 324], "excluded_lines": [], "executed_branches": [], "missing_branches": [[320, 321], [320, 322], [322, 323], [322, 324]]}, "": {"executed_lines": [4, 11, 13, 14, 16, 17, 20, 23, 26, 27, 28, 29, 30, 31, 32, 34, 35, 52, 95, 123, 131, 136, 147, 157, 167, 175, 182, 203, 214, 238, 268, 289, 306], "summary": {"covered_lines": 31, "num_statements": 31, "percent_covered": 100.0, "percent_covered_display": "100", "missing_lines": 0, "excluded_lines": 0, "num_branches": 0, "num_partial_branches": 0, "covered_branches": 0, "missing_branches": 0}, "missing_lines": [], "excluded_lines": [], "executed_branches": [], "missing_branches": []}}, "classes": {"StepOperation": {"executed_lines": [], "summary": {"covered_lines": 0, "num_statements": 13, "percent_covered": 0.0, "percent_covered_display": "0", "missing_lines": 13, "excluded_lines": 0, "num_branches": 12, "num_partial_branches": 0, "covered_branches": 0, "missing_branches": 12}, "missing_lines": [37, 38, 39, 40, 41, 42, 43, 44, 45, 46, 47, 48, 49], "excluded_lines": [], "executed_branches": [], "missing_branches": [[37, 38], [37, 39], [39, 40], [39, 41], [41, 42], [41, 43], [43, 44], [43, 45], [45, 46], [45, 47], [47, 48], [47, 49]]}, "": {"executed_lines": [4, 11, 13, 14, 16, 17, 20, 23, 26, 27, 28, 29, 30, 31, 32, 34, 35, 52, 95, 123, 131, 136, 147, 157, 167, 175, 182, 203, 214, 238, 268, 289, 306], "summary": {"covered_lines": 31, "num_statements": 126, "percent_covered": 16.145833333333332, "percent_covered_display": "16", "missing_lines": 95, "excluded_lines": 0, "num_branches": 66, "num_partial_branches": 0, "covered_branches": 0, "missing_branches": 66}, "missing_lines": [66, 67, 68, 69, 70, 71, 72, 74, 77, 79, 80, 82, 85, 88, 89, 92, 99, 100, 101, 104, 105, 108, 117, 118, 119, 120, 125, 126, 127, 128, 133, 138, 139, 140, 141, 143, 144, 149, 150, 151, 152, 153, 154, 159, 160, 161, 162, 163, 164, 169, 170, 171, 172, 177, 178, 179, 189, 191, 192, 194, 197, 200, 205, 206, 207, 208, 209, 210, 211, 228, 229, 230, 231, 232, 233, 235, 257, 260, 263, 265, 277, 278, 279, 283, 284, 298, 300, 301, 302, 303, 320, 321, 322, 323, 324], "excluded_lines": [], "executed_branches": [], "missing_branches": [[68, 69], [68, 77], [69, 70], [69, 74], [71, 68], [71, 72], [77, 79], [77, 80], [80, 82], [80, 85], [88, 89], [88, 92], [100, 101], [100, 104], [118, 119], [118, 120], [125, -123], [125, 126], [126, -123], [126, 127], [127, 126], [127, 128], [139, 140], [139, 144], [140, 141], [140, 143], [150, 151], [150, 154], [152, 150], [152, 153], [160, 161], [160, 164], [161, 162], [161, 163], [189, 191], [189, 200], [191, -182], [191, 192], [192, 194], [192, 197], [205, 206], [205, 207], [207, 208], [207, 209], [209, 210], [209, 211], [228, 229], [228, 230], [230, 231], [230, 232], [232, 233], [232, 235], [277, -268], [277, 278], [278, 279], [278, 283], [283, 277], [283, 284], [300, 301], [300, 302], [302, -289], [302, 303], [320, 321], [320, 322], [322, 323], [322, 324]]}}}, "/home/tafk/dev/brainsmith-1/brainsmith/dse/api.py": {"executed_lines": [4, 11, 13, 14, 15, 16, 17, 19, 20, 21, 22, 23, 24, 25, 27, 30, 140, 155], "summary": {"covered_lines": 17, "num_statements": 70, "percent_covered": 21.25, "percent_covered_display": "21", "missing_lines": 53, "excluded_lines": 0, "num_branches": 10, "num_partial_branches": 0, "covered_branches": 0, "missing_branches": 10}, "missing_lines": [59, 60, 61, 62, 63, 64, 67, 68, 71, 72, 73, 74, 76, 77, 79, 80, 81, 82, 85, 88, 89, 92, 93, 94, 97, 98, 100, 104, 105, 106, 107, 108, 111, 114, 115, 116, 123, 126, 127, 128, 129, 130, 132, 151, 152, 172, 173, 176, 177, 178, 181, 188, 191], "excluded_lines": [], "executed_branches": [], "missing_branches": [[60, 61], [60, 62], [63, 64], [63, 67], [71, 72], [71, 76], [92, 93], [92, 97], [176, 177], [176, 181]], "functions": {"explore_design_space": {"executed_lines": [], "summary": {"covered_lines": 0, "num_statements": 43, "percent_covered": 0.0, "percent_covered_display": "0", "missing_lines": 43, "excluded_lines": 0, "num_branches": 8, "num_partial_branches": 0, "covered_branches": 0, "missing_branches": 8}, "missing_lines": [59, 60, 61, 62, 63, 64, 67, 68, 71, 72, 73, 74, 76, 77, 79, 80, 81, 82, 85, 88, 89, 92, 93, 94, 97, 98, 100, 104, 105, 106, 107, 108, 111, 114, 115, 116, 123, 126, 127, 128, 129, 130, 132], "excluded_lines": [], "executed_branches": [], "missing_branches": [[60, 61], [60, 62], [63, 64], [63, 67], [71, 72], [71, 76], [92, 93], [92, 97]]}, "build_tree": {"executed_lines": [], "summary": {"covered_lines": 0, "num_statements": 2, "percent_covered": 0.0, "percent_covered_display": "0", "missing_lines": 2, "excluded_lines": 0, "num_branches": 0, "num_partial_branches": 0, "covered_branches": 0, "missing_branches": 0}, "missing_lines": [151, 152], "excluded_lines": [], "executed_branches": [], "missing_branches": []}, "execute_tree": {"executed_lines": [], "summary": {"covered_lines": 0, "num_statements": 8, "percent_covered": 0.0, "percent_covered_display": "0", "missing_lines": 8, "excluded_lines": 0, "num_branches": 2, "num_partial_branches": 0, "covered_branches": 0, "missing_branches": 2}, "missing_lines": [172, 173, 176, 177, 178, 181, 188, 191], "excluded_lines": [], "executed_branches": [], "missing_branches": [[176, 177], [176, 181]]}, "": {"executed_lines": [4, 11, 13, 14, 15, 16, 17, 19, 20, 21, 22, 23, 24, 25, 27, 30, 140, 155], "summary": {"covered_lines": 17, "num_statements": 17, "percent_covered": 100.0, "percent_covered_display": "100", "missing_lines": 0, "excluded_lines": 0, "num_branches": 0, "num_partial_branches": 0, "covered_branches": 0, "missing_branches": 0}, "missing_lines": [], "excluded_lines": [], "executed_branches": [], "missing_branches": []}}, "classes": {"": {"executed_lines": [4, 11, 13, 14, 15, 16, 17, 19, 20, 21, 22, 23, 24, 25, 27, 30, 140, 155], "summary": {"covered_lines": 17, "num_statements": 70, "percent_covered": 21.25, "percent_covered_display": "21", "missing_lines": 53, "excluded_lines": 0, "num_branches": 10, "num_partial_branches": 0, "covered_branches": 0, "missing_branches": 10}, "missing_lines": [59, 60, 61, 62, 63, 64, 67, 68, 71, 72, 73, 74, 76, 77, 79, 80, 81, 82, 85, 88, 89, 92, 93, 94, 97, 98, 100, 104, 105, 106, 107, 108, 111, 114, 115, 116, 123, 126, 127, 128, 129, 130, 132, 151, 152, 172, 173, 176, 177, 178, 181, 188, 191], "excluded_lines": [], "executed_branches": [], "missing_branches": [[60, 61], [60, 62], [63, 64], [63, 67], [71, 72], [71, 76], [92, 93], [92, 97], [176, 177], [176, 181]]}}}, "/home/tafk/dev/brainsmith-1/brainsmith/dse/config.py": {"executed_lines": [4, 11, 12, 13, 15, 18, 19, 20, 22, 25, 28, 31, 32, 33, 34, 35, 38, 39, 42, 44, 59, 68], "summary": {"covered_lines": 20, "num_statements": 32, "percent_covered": 52.63157894736842, "percent_covered_display": "53", "missing_lines": 12, "excluded_lines": 0, "num_branches": 6, "num_partial_branches": 0, "covered_branches": 0, "missing_branches": 6}, "missing_lines": [47, 48, 51, 52, 55, 56, 61, 62, 63, 64, 65, 84], "excluded_lines": [], "executed_branches": [], "missing_branches": [[47, 48], [47, 51], [51, 52], [51, 55], [55, -44], [55, 56]], "functions": {"DSEConfig.__post_init__": {"executed_lines": [], "summary": {"covered_lines": 0, "num_statements": 6, "percent_covered": 0.0, "percent_covered_display": "0", "missing_lines": 6, "excluded_lines": 0, "num_branches": 6, "num_partial_branches": 0, "covered_branches": 0, "missing_branches": 6}, "missing_lines": [47, 48, 51, 52, 55, 56], "excluded_lines": [], "executed_branches": [], "missing_branches": [[47, 48], [47, 51], [51, 52], [51, 55], [55, -44], [55, 56]]}, "_parse_output_type": {"executed_lines": [], "summary": {"covered_lines": 0, "num_statements": 5, "percent_covered": 0.0, "percent_covered_display": "0", "missing_lines": 5, "excluded_lines": 0, "num_branches": 0, "num_partial_branches": 0, "covered_branches": 0, "missing_branches": 0}, "missing_lines": [61, 62, 63, 64, 65], "excluded_lines": [], "executed_branches": [], "missing_branches": []}, "extract_config": {"executed_lines": [], "summary": {"covered_lines": 0, "num_statements": 1, "percent_covered": 0.0, "percent_covered_display": "0", "missing_lines": 1, "excluded_lines": 0, "num_branches": 0, "num_partial_branches": 0, "covered_branches": 0, "missing_branches": 0}, "missing_lines": [84], "excluded_lines": [], "executed_branches": [], "missing_branches": []}, "": {"executed_lines": [4, 11, 12, 13, 15, 18, 19, 20, 22, 25, 28, 31, 32, 33, 34, 35, 38, 39, 42, 44, 59, 68], "summary": {"covered_lines": 20, "num_statements": 20, "percent_covered": 100.0, "percent_covered_display": "100", "missing_lines": 0, "excluded_lines": 0, "num_branches": 0, "num_partial_branches": 0, "covered_branches": 0, "missing_branches": 0}, "missing_lines": [], "excluded_lines": [], "executed_branches": [], "missing_branches": []}}, "classes": {"DSEConfig": {"executed_lines": [], "summary": {"covered_lines": 0, "num_statements": 6, "percent_covered": 0.0, "percent_covered_display": "0", "missing_lines": 6, "excluded_lines": 0, "num_branches": 6, "num_partial_branches": 0, "covered_branches": 0, "missing_branches": 6}, "missing_lines": [47, 48, 51, 52, 55, 56], "excluded_lines": [], "executed_branches": [], "missing_branches": [[47, 48], [47, 51], [51, 52], [51, 55], [55, -44], [55, 56]]}, "": {"executed_lines": [4, 11, 12, 13, 15, 18, 19, 20, 22, 25, 28, 31, 32, 33, 34, 35, 38, 39, 42, 44, 59, 68], "summary": {"covered_lines": 20, "num_statements": 26, "percent_covered": 76.92307692307692, "percent_covered_display": "77", "missing_lines": 6, "excluded_lines": 0, "num_branches": 0, "num_partial_branches": 0, "covered_branches": 0, "missing_branches": 0}, "missing_lines": [61, 62, 63, 64, 65, 84], "excluded_lines": [], "executed_branches": [], "missing_branches": []}}}, "/home/tafk/dev/brainsmith-1/brainsmith/dse/design_space.py": {"executed_lines": [4, 11, 12, 13, 16, 17, 18, 19, 20, 26, 28, 30, 34, 48, 56, 67, 97], "summary": {"covered_lines": 15, "num_statements": 40, "percent_covered": 26.785714285714285, "percent_covered_display": "27", "missing_lines": 25, "excluded_lines": 0, "num_branches": 16, "num_partial_branches": 0, "covered_branches": 0, "missing_branches": 16}, "missing_lines": [32, 36, 37, 38, 40, 42, 43, 50, 51, 52, 53, 54, 58, 80, 81, 82, 83, 84, 87, 91, 118, 119, 121, 122, 127], "excluded_lines": [], "executed_branches": [], "missing_branches": [[37, 38], [37, 42], [38, 37], [38, 40], [42, -34], [42, 43], [51, 52], [51, 54], [80, 81], [80, 87], [81, 82], [81, 83], [83, 80], [83, 84], [121, 122], [121, 127]], "functions": {"GlobalDesignSpace.__post_init__": {"executed_lines": [], "summary": {"covered_lines": 0, "num_statements": 1, "percent_covered": 0.0, "percent_covered_display": "0", "missing_lines": 1, "excluded_lines": 0, "num_branches": 0, "num_partial_branches": 0, "covered_branches": 0, "missing_branches": 0}, "missing_lines": [32], "excluded_lines": [], "executed_branches": [], "missing_branches": []}, "GlobalDesignSpace._validate_size": {"executed_lines": [], "summary": {"covered_lines": 0, "num_statements": 6, "percent_covered": 0.0, "percent_covered_display": "0", "missing_lines": 6, "excluded_lines": 0, "num_branches": 6, "num_partial_branches": 0, "covered_branches": 0, "missing_branches": 6}, "missing_lines": [36, 37, 38, 40, 42, 43], "excluded_lines": [], "executed_branches": [], "missing_branches": [[37, 38], [37, 42], [38, 37], [38, 40], [42, -34], [42, 43]]}, "GlobalDesignSpace.get_kernel_summary": {"executed_lines": [], "summary": {"covered_lines": 0, "num_statements": 5, "percent_covered": 0.0, "percent_covered_display": "0", "missing_lines": 5, "excluded_lines": 0, "num_branches": 2, "num_partial_branches": 0, "covered_branches": 0, "missing_branches": 2}, "missing_lines": [50, 51, 52, 53, 54], "excluded_lines": [], "executed_branches": [], "missing_branches": [[51, 52], [51, 54]]}, "GlobalDesignSpace.__str__": {"executed_lines": [], "summary": {"covered_lines": 0, "num_statements": 1, "percent_covered": 0.0, "percent_covered_display": "0", "missing_lines": 1, "excluded_lines": 0, "num_branches": 0, "num_partial_branches": 0, "covered_branches": 0, "missing_branches": 0}, "missing_lines": [58], "excluded_lines": [], "executed_branches": [], "missing_branches": []}, "_find_step_index": {"executed_lines": [], "summary": {"covered_lines": 0, "num_statements": 7, "percent_covered": 0.0, "percent_covered_display": "0", "missing_lines": 7, "excluded_lines": 0, "num_branches": 6, "num_partial_branches": 0, "covered_branches": 0, "missing_branches": 6}, "missing_lines": [80, 81, 82, 83, 84, 87, 91], "excluded_lines": [], "executed_branches": [], "missing_branches": [[80, 81], [80, 87], [81, 82], [81, 83], [83, 80], [83, 84]]}, "_slice_steps": {"executed_lines": [], "summary": {"covered_lines": 0, "num_statements": 5, "percent_covered": 0.0, "percent_covered_display": "0", "missing_lines": 5, "excluded_lines": 0, "num_branches": 2, "num_partial_branches": 0, "covered_branches": 0, "missing_branches": 2}, "missing_lines": [118, 119, 121, 122, 127], "excluded_lines": [], "executed_branches": [], "missing_branches": [[121, 122], [121, 127]]}, "": {"executed_lines": [4, 11, 12, 13, 16, 17, 18, 19, 20, 26, 28, 30, 34, 48, 56, 67, 97], "summary": {"covered_lines": 15, "num_statements": 15, "percent_covered": 100.0, "percent_covered_display": "100", "missing_lines": 0, "excluded_lines": 0, "num_branches": 0, "num_partial_branches": 0, "covered_branches": 0, "missing_branches": 0}, "missing_lines": [], "excluded_lines": [], "executed_branches": [], "missing_branches": []}}, "classes": {"GlobalDesignSpace": {"executed_lines": [], "summary": {"covered_lines": 0, "num_statements": 13, "percent_covered": 0.0, "percent_covered_display": "0", "missing_lines": 13, "excluded_lines": 0, "num_branches": 8, "num_partial_branches": 0, "covered_branches": 0, "missing_branches": 8}, "missing_lines": [32, 36, 37, 38, 40, 42, 43, 50, 51, 52, 53, 54, 58], "excluded_lines": [], "executed_branches": [], "missing_branches": [[37, 38], [37, 42], [38, 37], [38, 40], [42, -34], [42, 43], [51, 52], [51, 54]]}, "": {"executed_lines": [4, 11, 12, 13, 16, 17, 18, 19, 20, 26, 28, 30, 34, 48, 56, 67, 97], "summary": {"covered_lines": 15, "num_statements": 27, "percent_covered": 42.857142857142854, "percent_covered_display": "43", "missing_lines": 12, "excluded_lines": 0, "num_branches": 8, "num_partial_branches": 0, "covered_branches": 0, "missing_branches": 8}, "missing_lines": [80, 81, 82, 83, 84, 87, 91, 118, 119, 121, 122, 127], "excluded_lines": [], "executed_branches": [], "missing_branches": [[80, 81], [80, 87], [81, 82], [81, 83], [83, 80], [83, 84], [121, 122], [121, 127]]}}}, "/home/tafk/dev/brainsmith-1/brainsmith/dse/runner.py": {"executed_lines": [4, 6, 7, 8, 9, 10, 12, 13, 14, 16, 17, 18, 19, 20, 22, 25, 53, 54, 60, 85, 106, 212, 292, 318, 348, 374, 380], "summary": {"covered_lines": 25, "num_statements": 166, "percent_covered": 11.574074074074074, "percent_covered_display": "12", "missing_lines": 141, "excluded_lines": 0, "num_branches": 50, "num_partial_branches": 0, "covered_branches": 0, "missing_branches": 50}, "missing_lines": [39, 40, 41, 43, 45, 46, 48, 49, 50, 73, 74, 75, 78, 79, 80, 81, 98, 99, 102, 103, 104, 122, 123, 125, 126, 128, 129, 130, 133, 135, 136, 137, 140, 141, 142, 147, 150, 153, 154, 156, 164, 165, 166, 168, 169, 170, 171, 172, 173, 174, 175, 176, 177, 178, 180, 181, 184, 192, 193, 194, 195, 198, 199, 202, 203, 206, 207, 208, 210, 228, 229, 232, 233, 234, 236, 237, 244, 246, 247, 248, 250, 251, 254, 257, 260, 261, 262, 265, 267, 269, 271, 273, 274, 275, 283, 285, 286, 287, 288, 289, 290, 308, 309, 310, 311, 312, 315, 316, 333, 334, 335, 336, 338, 339, 341, 342, 343, 345, 346, 358, 359, 360, 363, 364, 365, 366, 367, 370, 372, 376, 377, 378, 382, 383, 384, 385, 386, 387, 388, 389, 390], "excluded_lines": [], "executed_branches": [], "missing_branches": [[39, 40], [39, 43], [45, -25], [45, 46], [48, 49], [48, 50], [98, 99], [98, 102], [135, 136], [135, 206], [140, 141], [140, 150], [153, 154], [153, 168], [164, 165], [164, 166], [177, 178], [177, 180], [180, 181], [180, 184], [193, 194], [193, 195], [198, 199], [198, 202], [202, 135], [202, 203], [232, 233], [232, 254], [271, 273], [271, 283], [288, 289], [288, 290], [309, 310], [309, 316], [310, 309], [310, 311], [311, 309], [311, 312], [312, 311], [312, 315], [334, 335], [334, 346], [335, 336], [335, 338], [364, 365], [364, 366], [366, 367], [366, 370], [376, -374], [376, 377]], "functions": {"_share_artifacts_at_branch": {"executed_lines": [], "summary": {"covered_lines": 0, "num_statements": 9, "percent_covered": 0.0, "percent_covered_display": "0", "missing_lines": 9, "excluded_lines": 0, "num_branches": 6, "num_partial_branches": 0, "covered_branches": 0, "missing_branches": 6}, "missing_lines": [39, 40, 41, 43, 45, 46, 48, 49, 50], "excluded_lines": [], "executed_branches": [], "missing_branches": [[39, 40], [39, 43], [45, -25], [45, 46], [48, 49], [48, 50]]}, "SegmentRunner.__init__": {"executed_lines": [], "summary": {"covered_lines": 0, "num_statements": 7, "percent_covered": 0.0, "percent_covered_display": "0", "missing_lines": 7, "excluded_lines": 0, "num_branches": 0, "num_partial_branches": 0, "covered_branches": 0, "missing_branches": 0}, "missing_lines": [73, 74, 75, 78, 79, 80, 81], "excluded_lines": [], "executed_branches": [], "missing_branches": []}, "SegmentRunner._add_segment_context": {"executed_lines": [], "summary": {"covered_lines": 0, "num_statements": 5, "percent_covered": 0.0, "percent_covered_display": "0", "missing_lines": 5, "excluded_lines": 0, "num_branches": 2, "num_partial_branches": 0, "covered_branches": 0, "missing_branches": 2}, "missing_lines": [98, 99, 102, 103, 104], "excluded_lines": [], "executed_branches": [], "missing_branches": [[98, 99], [98, 102]]}, "SegmentRunner.run_tree": {"executed_lines": [], "summary": {"covered_lines": 0, "num_statements": 48, "percent_covered": 0.0, "percent_covered_display": "0", "missing_lines": 48, "excluded_lines": 0, "num_branches": 18, "num_partial_branches": 0, "covered_branches": 0, "missing_branches": 18}, "missing_lines": [122, 123, 125, 126, 128, 129, 130, 133, 135, 136, 137, 140, 141, 142, 147, 150, 153, 154, 156, 164, 165, 166, 168, 169, 170, 171, 172, 173, 174, 175, 176, 177, 178, 180, 181, 184, 192, 193, 194, 195, 198, 199, 202, 203, 206, 207, 208, 210], "excluded_lines": [], "executed_branches": [], "missing_branches": [[135, 136], [135, 206], [140, 141], [140, 150], [153, 154], [153, 168], [164, 165], [164, 166], [177, 178], [177, 180], [180, 181], [180, 184], [193, 194], [193, 195], [198, 199], [198, 202], [202, 135], [202, 203]]}, "SegmentRunner.run_segment": {"executed_lines": [], "summary": {"covered_lines": 0, "num_statements": 32, "percent_covered": 0.0, "percent_covered_display": "0", "missing_lines": 32, "excluded_lines": 0, "num_branches": 6, "num_partial_branches": 0, "covered_branches": 0, "missing_branches": 6}, "missing_lines": [228, 229, 232, 233, 234, 236, 237, 244, 246, 247, 248, 250, 251, 254, 257, 260, 261, 262, 265, 267, 269, 271, 273, 274, 275, 283, 285, 286, 287, 288, 289, 290], "excluded_lines": [], "executed_branches": [], "missing_branches": [[232, 233], [232, 254], [271, 273], [271, 283], [288, 289], [288, 290]]}, "SegmentRunner._extract_kernel_selections": {"executed_lines": [], "summary": {"covered_lines": 0, "num_statements": 7, "percent_covered": 0.0, "percent_covered_display": "0", "missing_lines": 7, "excluded_lines": 0, "num_branches": 8, "num_partial_branches": 0, "covered_branches": 0, "missing_branches": 8}, "missing_lines": [308, 309, 310, 311, 312, 315, 316], "excluded_lines": [], "executed_branches": [], "missing_branches": [[309, 310], [309, 316], [310, 309], [310, 311], [311, 309], [311, 312], [312, 311], [312, 315]]}, "SegmentRunner._resolve_steps": {"executed_lines": [], "summary": {"covered_lines": 0, "num_statements": 11, "percent_covered": 0.0, "percent_covered_display": "0", "missing_lines": 11, "excluded_lines": 0, "num_branches": 4, "num_partial_branches": 0, "covered_branches": 0, "missing_branches": 4}, "missing_lines": [333, 334, 335, 336, 338, 339, 341, 342, 343, 345, 346], "excluded_lines": [], "executed_branches": [], "missing_branches": [[334, 335], [334, 346], [335, 336], [335, 338]]}, "SegmentRunner._make_finn_config": {"executed_lines": [], "summary": {"covered_lines": 0, "num_statements": 10, "percent_covered": 0.0, "percent_covered_display": "0", "missing_lines": 10, "excluded_lines": 0, "num_branches": 4, "num_partial_branches": 0, "covered_branches": 0, "missing_branches": 4}, "missing_lines": [358, 359, 360, 363, 364, 365, 366, 367, 370, 372], "excluded_lines": [], "executed_branches": [], "missing_branches": [[364, 365], [364, 366], [366, 367], [366, 370]]}, "SegmentRunner._mark_descendants_skipped": {"executed_lines": [], "summary": {"covered_lines": 0, "num_statements": 3, "percent_covered": 0.0, "percent_covered_display": "0", "missing_lines": 3, "excluded_lines": 0, "num_branches": 2, "num_partial_branches": 0, "covered_branches": 0, "missing_branches": 2}, "missing_lines": [376, 377, 378], "excluded_lines": [], "executed_branches": [], "missing_branches": [[376, -374], [376, 377]]}, "SegmentRunner._print_summary": {"executed_lines": [], "summary": {"covered_lines": 0, "num_statements": 9, "percent_covered": 0.0, "percent_covered_display": "0", "missing_lines": 9, "excluded_lines": 0, "num_branches": 0, "num_partial_branches": 0, "covered_branches": 0, "missing_branches": 0}, "missing_lines": [382, 383, 384, 385, 386, 387, 388, 389, 390], "excluded_lines": [], "executed_branches": [], "missing_branches": []}, "": {"executed_lines": [4, 6, 7, 8, 9, 10, 12, 13, 14, 16, 17, 18, 19, 20, 22, 25, 53, 54, 60, 85, 106, 212, 292, 318, 348, 374, 380], "summary": {"covered_lines": 25, "num_statements": 25, "percent_covered": 100.0, "percent_covered_display": "100", "missing_lines": 0, "excluded_lines": 0, "num_branches": 0, "num_partial_branches": 0, "covered_branches": 0, "missing_branches": 0}, "missing_lines": [], "excluded_lines": [], "executed_branches": [], "missing_branches": []}}, "classes": {"SegmentRunner": {"executed_lines": [], "summary": {"covered_lines": 0, "num_statements": 132, "percent_covered": 0.0, "percent_covered_display": "0", "missing_lines": 132, "excluded_lines": 0, "num_branches": 44, "num_partial_branches": 0, "covered_branches": 0, "missing_branches": 44}, "missing_lines": [73, 74, 75, 78, 79, 80, 81, 98, 99, 102, 103, 104, 122, 123, 125, 126, 128, 129, 130, 133, 135, 136, 137, 140, 141, 142, 147, 150, 153, 154, 156, 164, 165, 166, 168, 169, 170, 171, 172, 173, 174, 175, 176, 177, 178, 180, 181, 184, 192, 193, 194, 195, 198, 199, 202, 203, 206, 207, 208, 210, 228, 229, 232, 233, 234, 236, 237, 244, 246, 247, 248, 250, 251, 254, 257, 260, 261, 262, 265, 267, 269, 271, 273, 274, 275, 283, 285, 286, 287, 288, 289, 290, 308, 309, 310, 311, 312, 315, 316, 333, 334, 335, 336, 338, 339, 341, 342, 343, 345, 346, 358, 359, 360, 363, 364, 365, 366, 367, 370, 372, 376, 377, 378, 382, 383, 384, 385, 386, 387, 388, 389, 390], "excluded_lines": [], "executed_branches": [], "missing_branches": [[98, 99], [98, 102], [135, 136], [135, 206], [140, 141], [140, 150], [153, 154], [153, 168], [164, 165], [164, 166], [177, 178], [177, 180], [180, 181], [180, 184], [193, 194], [193, 195], [198, 199], [198, 202], [202, 135], [202, 203], [232, 233], [232, 254], [271, 273], [271, 283], [288, 289], [288, 290], [309, 310], [309, 316], [310, 309], [310, 311], [311, 309], [311, 312], [312, 311], [312, 315], [334, 335], [334, 346], [335, 336], [335, 338], [364, 365], [364, 366], [366, 367], [366, 370], [376, -374], [376, 377]]}, "": {"executed_lines": [4, 6, 7, 8, 9, 10, 12, 13, 14, 16, 17, 18, 19, 20, 22, 25, 53, 54, 60, 85, 106, 212, 292, 318, 348, 374, 380], "summary": {"covered_lines": 25, "num_statements": 34, "percent_covered": 62.5, "percent_covered_display": "62", "missing_lines": 9, "excluded_lines": 0, "num_branches": 6, "num_partial_branches": 0, "covered_branches": 0, "missing_branches": 6}, "missing_lines": [39, 40, 41, 43, 45, 46, 48, 49, 50], "excluded_lines": [], "executed_branches": [], "missing_branches": [[39, 40], [39, 43], [45, -25], [45, 46], [48, 49], [48, 50]]}}}, "/home/tafk/dev/brainsmith-1/brainsmith/dse/segment.py": {"executed_lines": [4, 11, 13, 14, 15, 16, 18, 21, 22, 23, 31, 32, 35, 36, 39, 40, 41, 42, 45, 47, 48, 59, 60, 63, 64, 67, 78, 88, 95], "summary": {"covered_lines": 27, "num_statements": 54, "percent_covered": 43.54838709677419, "percent_covered_display": "44", "missing_lines": 27, "excluded_lines": 0, "num_branches": 8, "num_partial_branches": 0, "covered_branches": 0, "missing_branches": 8}, "missing_lines": [51, 52, 53, 54, 55, 56, 57, 61, 65, 69, 75, 76, 80, 81, 82, 83, 84, 85, 86, 90, 91, 92, 93, 97, 98, 99, 100], "excluded_lines": [], "executed_branches": [], "missing_branches": [[53, 54], [53, 56], [82, 83], [82, 85], [91, 92], [91, 93], [98, 99], [98, 100]], "functions": {"DSESegment.segment_id": {"executed_lines": [], "summary": {"covered_lines": 0, "num_statements": 7, "percent_covered": 0.0, "percent_covered_display": "0", "missing_lines": 7, "excluded_lines": 0, "num_branches": 2, "num_partial_branches": 0, "covered_branches": 0, "missing_branches": 2}, "missing_lines": [51, 52, 53, 54, 55, 56, 57], "excluded_lines": [], "executed_branches": [], "missing_branches": [[53, 54], [53, 56]]}, "DSESegment.is_branch_point": {"executed_lines": [], "summary": {"covered_lines": 0, "num_statements": 1, "percent_covered": 0.0, "percent_covered_display": "0", "missing_lines": 1, "excluded_lines": 0, "num_branches": 0, "num_partial_branches": 0, "covered_branches": 0, "missing_branches": 0}, "missing_lines": [61], "excluded_lines": [], "executed_branches": [], "missing_branches": []}, "DSESegment.is_leaf": {"executed_lines": [], "summary": {"covered_lines": 0, "num_statements": 1, "percent_covered": 0.0, "percent_covered_display": "0", "missing_lines": 1, "excluded_lines": 0, "num_branches": 0, "num_partial_branches": 0, "covered_branches": 0, "missing_branches": 0}, "missing_lines": [65], "excluded_lines": [], "executed_branches": [], "missing_branches": []}, "DSESegment.add_child": {"executed_lines": [], "summary": {"covered_lines": 0, "num_statements": 3, "percent_covered": 0.0, "percent_covered_display": "0", "missing_lines": 3, "excluded_lines": 0, "num_branches": 0, "num_partial_branches": 0, "covered_branches": 0, "missing_branches": 0}, "missing_lines": [69, 75, 76], "excluded_lines": [], "executed_branches": [], "missing_branches": []}, "DSESegment.get_path": {"executed_lines": [], "summary": {"covered_lines": 0, "num_statements": 7, "percent_covered": 0.0, "percent_covered_display": "0", "missing_lines": 7, "excluded_lines": 0, "num_branches": 2, "num_partial_branches": 0, "covered_branches": 0, "missing_branches": 2}, "missing_lines": [80, 81, 82, 83, 84, 85, 86], "excluded_lines": [], "executed_branches": [], "missing_branches": [[82, 83], [82, 85]]}, "DSESegment.get_all_steps": {"executed_lines": [], "summary": {"covered_lines": 0, "num_statements": 4, "percent_covered": 0.0, "percent_covered_display": "0", "missing_lines": 4, "excluded_lines": 0, "num_branches": 2, "num_partial_branches": 0, "covered_branches": 0, "missing_branches": 2}, "missing_lines": [90, 91, 92, 93], "excluded_lines": [], "executed_branches": [], "missing_branches": [[91, 92], [91, 93]]}, "DSESegment.count_descendants": {"executed_lines": [], "summary": {"covered_lines": 0, "num_statements": 4, "percent_covered": 0.0, "percent_covered_display": "0", "missing_lines": 4, "excluded_lines": 0, "num_branches": 2, "num_partial_branches": 0, "covered_branches": 0, "missing_branches": 2}, "missing_lines": [97, 98, 99, 100], "excluded_lines": [], "executed_branches": [], "missing_branches": [[98, 99], [98, 100]]}, "": {"executed_lines": [4, 11, 13, 14, 15, 16, 18, 21, 22, 23, 31, 32, 35, 36, 39, 40, 41, 42, 45, 47, 48, 59, 60, 63, 64, 67, 78, 88, 95], "summary": {"covered_lines": 27, "num_statements": 27, "percent_covered": 100.0, "percent_covered_display": "100", "missing_lines": 0, "excluded_lines": 0, "num_branches": 0, "num_partial_branches": 0, "covered_branches": 0, "missing_branches": 0}, "missing_lines": [], "excluded_lines": [], "executed_branches": [], "missing_branches": []}}, "classes": {"DSESegment": {"executed_lines": [], "summary": {"covered_lines": 0, "num_statements": 27, "percent_covered": 0.0, "percent_covered_display": "0", "missing_lines": 27, "excluded_lines": 0, "num_branches": 8, "num_partial_branches": 0, "covered_branches": 0, "missing_branches": 8}, "missing_lines": [51, 52, 53, 54, 55, 56, 57, 61, 65, 69, 75, 76, 80, 81, 82, 83, 84, 85, 86, 90, 91, 92, 93, 97, 98, 99, 100], "excluded_lines": [], "executed_branches": [], "missing_branches": [[53, 54], [53, 56], [82, 83], [82, 85], [91, 92], [91, 93], [98, 99], [98, 100]]}, "": {"executed_lines": [4, 11, 13, 14, 15, 16, 18, 21, 22, 23, 31, 32, 35, 36, 39, 40, 41, 42, 45, 47, 48, 59, 60, 63, 64, 67, 78, 88, 95], "summary": {"covered_lines": 27, "num_statements": 27, "percent_covered": 100.0, "percent_covered_display": "100", "missing_lines": 0, "excluded_lines": 0, "num_branches": 0, "num_partial_branches": 0, "covered_branches": 0, "missing_branches": 0}, "missing_lines": [], "excluded_lines": [], "executed_branches": [], "missing_branches": []}}}, "/home/tafk/dev/brainsmith-1/brainsmith/dse/tree.py": {"executed_lines": [4, 8, 9, 10, 11, 14, 15, 17, 20, 37, 62, 74, 94], "summary": {"covered_lines": 11, "num_statements": 60, "percent_covered": 14.102564102564102, "percent_covered_display": "14", "missing_lines": 49, "excluded_lines": 0, "num_branches": 18, "num_partial_branches": 0, "covered_branches": 0, "missing_branches": 18}, "missing_lines": [18, 33, 34, 35, 39, 40, 43, 44, 45, 46, 49, 50, 52, 54, 55, 57, 58, 59, 60, 64, 66, 67, 68, 69, 71, 72, 80, 81, 83, 85, 87, 88, 89, 90, 92, 96, 104, 105, 106, 107, 109, 111, 112, 114, 115, 117, 120, 121, 127], "excluded_lines": [], "executed_branches": [], "missing_branches": [[39, 40], [39, 54], [44, 45], [44, 49], [49, 50], [49, 52], [57, -37], [57, 58], [68, -66], [68, 69], [80, 81], [80, 83], [87, 88], [87, 92], [109, 111], [109, 114], [114, -104], [114, 115]], "functions": {"DSETree.__init__": {"executed_lines": [], "summary": {"covered_lines": 0, "num_statements": 1, "percent_covered": 0.0, "percent_covered_display": "0", "missing_lines": 1, "excluded_lines": 0, "num_branches": 0, "num_partial_branches": 0, "covered_branches": 0, "missing_branches": 0}, "missing_lines": [18], "excluded_lines": [], "executed_branches": [], "missing_branches": []}, "DSETree.format_tree": {"executed_lines": [], "summary": {"covered_lines": 0, "num_statements": 3, "percent_covered": 0.0, "percent_covered_display": "0", "missing_lines": 3, "excluded_lines": 0, "num_branches": 0, "num_partial_branches": 0, "covered_branches": 0, "missing_branches": 0}, "missing_lines": [33, 34, 35], "excluded_lines": [], "executed_branches": [], "missing_branches": []}, "DSETree._format_node": {"executed_lines": [], "summary": {"covered_lines": 0, "num_statements": 15, "percent_covered": 0.0, "percent_covered_display": "0", "missing_lines": 15, "excluded_lines": 0, "num_branches": 8, "num_partial_branches": 0, "covered_branches": 0, "missing_branches": 8}, "missing_lines": [39, 40, 43, 44, 45, 46, 49, 50, 52, 54, 55, 57, 58, 59, 60], "excluded_lines": [], "executed_branches": [], "missing_branches": [[39, 40], [39, 54], [44, 45], [44, 49], [49, 50], [49, 52], [57, -37], [57, 58]]}, "DSETree.get_all_segments": {"executed_lines": [], "summary": {"covered_lines": 0, "num_statements": 4, "percent_covered": 0.0, "percent_covered_display": "0", "missing_lines": 4, "excluded_lines": 0, "num_branches": 0, "num_partial_branches": 0, "covered_branches": 0, "missing_branches": 0}, "missing_lines": [64, 66, 71, 72], "excluded_lines": [], "executed_branches": [], "missing_branches": []}, "DSETree.get_all_segments.collect_segments": {"executed_lines": [], "summary": {"covered_lines": 0, "num_statements": 3, "percent_covered": 0.0, "percent_covered_display": "0", "missing_lines": 3, "excluded_lines": 0, "num_branches": 2, "num_partial_branches": 0, "covered_branches": 0, "missing_branches": 2}, "missing_lines": [67, 68, 69], "excluded_lines": [], "executed_branches": [], "missing_branches": [[68, -66], [68, 69]]}, "DSETree.get_execution_order": {"executed_lines": [], "summary": {"covered_lines": 0, "num_statements": 9, "percent_covered": 0.0, "percent_covered_display": "0", "missing_lines": 9, "excluded_lines": 0, "num_branches": 4, "num_partial_branches": 0, "covered_branches": 0, "missing_branches": 4}, "missing_lines": [80, 81, 83, 85, 87, 88, 89, 90, 92], "excluded_lines": [], "executed_branches": [], "missing_branches": [[80, 81], [80, 83], [87, 88], [87, 92]]}, "DSETree.get_statistics": {"executed_lines": [], "summary": {"covered_lines": 0, "num_statements": 6, "percent_covered": 0.0, "percent_covered_display": "0", "missing_lines": 6, "excluded_lines": 0, "num_branches": 0, "num_partial_branches": 0, "covered_branches": 0, "missing_branches": 0}, "missing_lines": [96, 104, 117, 120, 121, 127], "excluded_lines": [], "executed_branches": [], "missing_branches": []}, "DSETree.get_statistics.traverse": {"executed_lines": [], "summary": {"covered_lines": 0, "num_statements": 8, "percent_covered": 0.0, "percent_covered_display": "0", "missing_lines": 8, "excluded_lines": 0, "num_branches": 4, "num_partial_branches": 0, "covered_branches": 0, "missing_branches": 4}, "missing_lines": [105, 106, 107, 109, 111, 112, 114, 115], "excluded_lines": [], "executed_branches": [], "missing_branches": [[109, 111], [109, 114], [114, -104], [114, 115]]}, "": {"executed_lines": [4, 8, 9, 10, 11, 14, 15, 17, 20, 37, 62, 74, 94], "summary": {"covered_lines": 11, "num_statements": 11, "percent_covered": 100.0, "percent_covered_display": "100", "missing_lines": 0, "excluded_lines": 0, "num_branches": 0, "num_partial_branches": 0, "covered_branches": 0, "missing_branches": 0}, "missing_lines": [], "excluded_lines": [], "executed_branches": [], "missing_branches": []}}, "classes": {"DSETree": {"executed_lines": [], "summary": {"covered_lines": 0, "num_statements": 49, "percent_covered": 0.0, "percent_covered_display": "0", "missing_lines": 49, "excluded_lines": 0, "num_branches": 18, "num_partial_branches": 0, "covered_branches": 0, "missing_branches": 18}, "missing_lines": [18, 33, 34, 35, 39, 40, 43, 44, 45, 46, 49, 50, 52, 54, 55, 57, 58, 59, 60, 64, 66, 67, 68, 69, 71, 72, 80, 81, 83, 85, 87, 88, 89, 90, 92, 96, 104, 105, 106, 107, 109, 111, 112, 114, 115, 117, 120, 121, 127], "excluded_lines": [], "executed_branches": [], "missing_branches": [[39, 40], [39, 54], [44, 45], [44, 49], [49, 50], [49, 52], [57, -37], [57, 58], [68, -66], [68, 69], [80, 81], [80, 83], [87, 88], [87, 92], [109, 111], [109, 114], [114, -104], [114, 115]]}, "": {"executed_lines": [4, 8, 9, 10, 11, 14, 15, 17, 20, 37, 62, 74, 94], "summary": {"covered_lines": 11, "num_statements": 11, "percent_covered": 100.0, "percent_covered_display": "100", "missing_lines": 0, "excluded_lines": 0, "num_branches": 0, "num_partial_branches": 0, "covered_branches": 0, "missing_branches": 0}, "missing_lines": [], "excluded_lines": [], "executed_branches": [], "missing_branches": []}}}, "/home/tafk/dev/brainsmith-1/brainsmith/dse/types.py": {"executed_lines": [4, 6, 7, 8, 9, 10, 12, 16, 19, 20, 21, 22, 23, 24, 27, 28, 29, 30, 32, 40, 51, 52, 82, 83, 84, 85, 86, 87, 88, 89, 90, 93, 94, 95, 96, 97, 98, 100, 128, 156, 157], "summary": {"covered_lines": 40, "num_statements": 65, "percent_covered": 48.19277108433735, "percent_covered_display": "48", "missing_lines": 25, "excluded_lines": 3, "num_branches": 18, "num_partial_branches": 0, "covered_branches": 0, "missing_branches": 18}, "missing_lines": [34, 42, 70, 71, 72, 75, 76, 106, 108, 109, 110, 111, 112, 114, 115, 116, 117, 118, 120, 137, 138, 140, 141, 149, 150], "excluded_lines": [12, 13, 14], "executed_branches": [], "missing_branches": [[70, 71], [70, 75], [71, 70], [71, 72], [108, 109], [108, 120], [110, 111], [110, 115], [111, 112], [111, 114], [115, 116], [115, 117], [117, 108], [117, 118], [140, 141], [140, 149], [149, -128], [149, 150]], "functions": {"OutputType.to_finn_products": {"executed_lines": [], "summary": {"covered_lines": 0, "num_statements": 1, "percent_covered": 0.0, "percent_covered_display": "0", "missing_lines": 1, "excluded_lines": 0, "num_branches": 0, "num_partial_branches": 0, "covered_branches": 0, "missing_branches": 0}, "missing_lines": [34], "excluded_lines": [], "executed_branches": [], "missing_branches": []}, "OutputType.to_finn_outputs": {"executed_lines": [], "summary": {"covered_lines": 0, "num_statements": 1, "percent_covered": 0.0, "percent_covered_display": "0", "missing_lines": 1, "excluded_lines": 0, "num_branches": 0, "num_partial_branches": 0, "covered_branches": 0, "missing_branches": 0}, "missing_lines": [42], "excluded_lines": [], "executed_branches": [], "missing_branches": []}, "OutputType.from_finn_product": {"executed_lines": [], "summary": {"covered_lines": 0, "num_statements": 5, "percent_covered": 0.0, "percent_covered_display": "0", "missing_lines": 5, "excluded_lines": 0, "num_branches": 4, "num_partial_branches": 0, "covered_branches": 0, "missing_branches": 4}, "missing_lines": [70, 71, 72, 75, 76], "excluded_lines": [], "executed_branches": [], "missing_branches": [[70, 71], [70, 75], [71, 70], [71, 72]]}, "TreeExecutionResult.compute_stats": {"executed_lines": [], "summary": {"covered_lines": 0, "num_statements": 12, "percent_covered": 0.0, "percent_covered_display": "0", "missing_lines": 12, "excluded_lines": 0, "num_branches": 10, "num_partial_branches": 0, "covered_branches": 0, "missing_branches": 10}, "missing_lines": [106, 108, 109, 110, 111, 112, 114, 115, 116, 117, 118, 120], "excluded_lines": [], "executed_branches": [], "missing_branches": [[108, 109], [108, 120], [110, 111], [110, 115], [111, 112], [111, 114], [115, 116], [115, 117], [117, 108], [117, 118]]}, "TreeExecutionResult.validate_success": {"executed_lines": [], "summary": {"covered_lines": 0, "num_statements": 6, "percent_covered": 0.0, "percent_covered_display": "0", "missing_lines": 6, "excluded_lines": 0, "num_branches": 4, "num_partial_branches": 0, "covered_branches": 0, "missing_branches": 4}, "missing_lines": [137, 138, 140, 141, 149, 150], "excluded_lines": [], "executed_branches": [], "missing_branches": [[140, 141], [140, 149], [149, -128], [149, 150]]}, "": {"executed_lines": [4, 6, 7, 8, 9, 10, 12, 16, 19, 20, 21, 22, 23, 24, 27, 28, 29, 30, 32, 40, 51, 52, 82, 83, 84, 85, 86, 87, 88, 89, 90, 93, 94, 95, 96, 97, 98, 100, 128, 156, 157], "summary": {"covered_lines": 40, "num_statements": 40, "percent_covered": 100.0, "percent_covered_display": "100", "missing_lines": 0, "excluded_lines": 3, "num_branches": 0, "num_partial_branches": 0, "covered_branches": 0, "missing_branches": 0}, "missing_lines": [], "excluded_lines": [12, 13, 14], "executed_branches": [], "missing_branches": []}}, "classes": {"SegmentStatus": {"executed_lines": [], "summary": {"covered_lines": 0, "num_statements": 0, "percent_covered": 100.0, "percent_covered_display": "100", "missing_lines": 0, "excluded_lines": 0, "num_branches": 0, "num_partial_branches": 0, "covered_branches": 0, "missing_branches": 0}, "missing_lines": [], "excluded_lines": [], "executed_branches": [], "missing_branches": []}, "OutputType": {"executed_lines": [], "summary": {"covered_lines": 0, "num_statements": 7, "percent_covered": 0.0, "percent_covered_display": "0", "missing_lines": 7, "excluded_lines": 0, "num_branches": 4, "num_partial_branches": 0, "covered_branches": 0, "missing_branches": 4}, "missing_lines": [34, 42, 70, 71, 72, 75, 76], "excluded_lines": [], "executed_branches": [], "missing_branches": [[70, 71], [70, 75], [71, 70], [71, 72]]}, "SegmentResult": {"executed_lines": [], "summary": {"covered_lines": 0, "num_statements": 0, "percent_covered": 100.0, "percent_covered_display": "100", "missing_lines": 0, "excluded_lines": 0, "num_branches": 0, "num_partial_branches": 0, "covered_branches": 0, "missing_branches": 0}, "missing_lines": [], "excluded_lines": [], "executed_branches": [], "missing_branches": []}, "TreeExecutionResult": {"executed_lines": [], "summary": {"covered_lines": 0, "num_statements": 18, "percent_covered": 0.0, "percent_covered_display": "0", "missing_lines": 18, "excluded_lines": 0, "num_branches": 14, "num_partial_branches": 0, "covered_branches": 0, "missing_branches": 14}, "missing_lines": [106, 108, 109, 110, 111, 112, 114, 115, 116, 117, 118, 120, 137, 138, 140, 141, 149, 150], "excluded_lines": [], "executed_branches": [], "missing_branches": [[108, 109], [108, 120], [110, 111], [110, 115], [111, 112], [111, 114], [115, 116], [115, 117], [117, 108], [117, 118], [140, 141], [140, 149], [149, -128], [149, 150]]}, "ExecutionError": {"executed_lines": [], "summary": {"covered_lines": 0, "num_statements": 0, "percent_covered": 100.0, "percent_covered_display": "100", "missing_lines": 0, "excluded_lines": 0, "num_branches": 0, "num_partial_branches": 0, "covered_branches": 0, "missing_branches": 0}, "missing_lines": [], "excluded_lines": [], "executed_branches": [], "missing_branches": []}, "": {"executed_lines": [4, 6, 7, 8, 9, 10, 12, 16, 19, 20, 21, 22, 23, 24, 27, 28, 29, 30, 32, 40, 51, 52, 82, 83, 84, 85, 86, 87, 88, 89, 90, 93, 94, 95, 96, 97, 98, 100, 128, 156, 157], "summary": {"covered_lines": 40, "num_statements": 40, "percent_covered": 100.0, "percent_covered_display": "100", "missing_lines": 0, "excluded_lines": 3, "num_branches": 0, "num_partial_branches": 0, "covered_branches": 0, "missing_branches": 0}, "missing_lines": [], "excluded_lines": [12, 13, 14], "executed_branches": [], "missing_branches": []}}}}, "totals": {"covered_lines": 237, "num_statements": 821, "percent_covered": 21.723189734188818, "percent_covered_display": "22", "missing_lines": 584, "excluded_lines": 3, "num_branches": 270, "num_partial_branches": 0, "covered_branches": 0, "missing_branches": 270}}